CRITICAL - 2023-05-05 20:10:52 --> "valid_name" is not a valid rule.
in SYSTEMPATH\Validation\Validation.php on line 320.
 1 SYSTEMPATH\Validation\Validation.php(320): CodeIgniter\Validation\Exceptions\ValidationException::forRuleNotFound('valid_name')
 2 SYSTEMPATH\Validation\Validation.php(170): CodeIgniter\Validation\Validation->processRules('Nombre_evento', 'Nombre_evento', 'ABCD', [...], [...])
 3 SYSTEMPATH\BaseModel.php(1453): CodeIgniter\Validation\Validation->run([...], null, null)
 4 SYSTEMPATH\BaseModel.php(913): CodeIgniter\BaseModel->validate([...])
 5 SYSTEMPATH\Model.php(756): CodeIgniter\BaseModel->update([...], [...])
 6 SYSTEMPATH\BaseModel.php(690): CodeIgniter\Model->update('Holaaaa', [...])
 7 APPPATH\Controllers\Home.php(19): CodeIgniter\BaseModel->save([...])
 8 SYSTEMPATH\CodeIgniter.php(934): App\Controllers\Home->index()
 9 SYSTEMPATH\CodeIgniter.php(499): CodeIgniter\CodeIgniter->runController(Object(App\Controllers\Home))
10 SYSTEMPATH\CodeIgniter.php(368): CodeIgniter\CodeIgniter->handleRequest(null, Object(Config\Cache), false)
11 FCPATH\index.php(67): CodeIgniter\CodeIgniter->run()
CRITICAL - 2023-05-05 20:13:15 --> "valid_name" is not a valid rule.
in SYSTEMPATH\Validation\Validation.php on line 320.
 1 SYSTEMPATH\Validation\Validation.php(320): CodeIgniter\Validation\Exceptions\ValidationException::forRuleNotFound('valid_name')
 2 SYSTEMPATH\Validation\Validation.php(170): CodeIgniter\Validation\Validation->processRules('Nombre_evento', 'Nombre_evento', 'ABCD', [...], [...])
 3 SYSTEMPATH\BaseModel.php(1453): CodeIgniter\Validation\Validation->run([...], null, null)
 4 SYSTEMPATH\BaseModel.php(913): CodeIgniter\BaseModel->validate([...])
 5 SYSTEMPATH\Model.php(756): CodeIgniter\BaseModel->update([...], [...])
 6 SYSTEMPATH\BaseModel.php(690): CodeIgniter\Model->update('Holaaaa', [...])
 7 APPPATH\Controllers\Home.php(19): CodeIgniter\BaseModel->save([...])
 8 SYSTEMPATH\CodeIgniter.php(934): App\Controllers\Home->index()
 9 SYSTEMPATH\CodeIgniter.php(499): CodeIgniter\CodeIgniter->runController(Object(App\Controllers\Home))
10 SYSTEMPATH\CodeIgniter.php(368): CodeIgniter\CodeIgniter->handleRequest(null, Object(Config\Cache), false)
11 FCPATH\index.php(67): CodeIgniter\CodeIgniter->run()
CRITICAL - 2023-05-05 20:13:16 --> "valid_name" is not a valid rule.
in SYSTEMPATH\Validation\Validation.php on line 320.
 1 SYSTEMPATH\Validation\Validation.php(320): CodeIgniter\Validation\Exceptions\ValidationException::forRuleNotFound('valid_name')
 2 SYSTEMPATH\Validation\Validation.php(170): CodeIgniter\Validation\Validation->processRules('Nombre_evento', 'Nombre_evento', 'ABCD', [...], [...])
 3 SYSTEMPATH\BaseModel.php(1453): CodeIgniter\Validation\Validation->run([...], null, null)
 4 SYSTEMPATH\BaseModel.php(913): CodeIgniter\BaseModel->validate([...])
 5 SYSTEMPATH\Model.php(756): CodeIgniter\BaseModel->update([...], [...])
 6 SYSTEMPATH\BaseModel.php(690): CodeIgniter\Model->update('Holaaaa', [...])
 7 APPPATH\Controllers\Home.php(19): CodeIgniter\BaseModel->save([...])
 8 SYSTEMPATH\CodeIgniter.php(934): App\Controllers\Home->index()
 9 SYSTEMPATH\CodeIgniter.php(499): CodeIgniter\CodeIgniter->runController(Object(App\Controllers\Home))
10 SYSTEMPATH\CodeIgniter.php(368): CodeIgniter\CodeIgniter->handleRequest(null, Object(Config\Cache), false)
11 FCPATH\index.php(67): CodeIgniter\CodeIgniter->run()
CRITICAL - 2023-05-05 20:13:17 --> "valid_name" is not a valid rule.
in SYSTEMPATH\Validation\Validation.php on line 320.
 1 SYSTEMPATH\Validation\Validation.php(320): CodeIgniter\Validation\Exceptions\ValidationException::forRuleNotFound('valid_name')
 2 SYSTEMPATH\Validation\Validation.php(170): CodeIgniter\Validation\Validation->processRules('Nombre_evento', 'Nombre_evento', 'ABCD', [...], [...])
 3 SYSTEMPATH\BaseModel.php(1453): CodeIgniter\Validation\Validation->run([...], null, null)
 4 SYSTEMPATH\BaseModel.php(913): CodeIgniter\BaseModel->validate([...])
 5 SYSTEMPATH\Model.php(756): CodeIgniter\BaseModel->update([...], [...])
 6 SYSTEMPATH\BaseModel.php(690): CodeIgniter\Model->update('Holaaaa', [...])
 7 APPPATH\Controllers\Home.php(19): CodeIgniter\BaseModel->save([...])
 8 SYSTEMPATH\CodeIgniter.php(934): App\Controllers\Home->index()
 9 SYSTEMPATH\CodeIgniter.php(499): CodeIgniter\CodeIgniter->runController(Object(App\Controllers\Home))
10 SYSTEMPATH\CodeIgniter.php(368): CodeIgniter\CodeIgniter->handleRequest(null, Object(Config\Cache), false)
11 FCPATH\index.php(67): CodeIgniter\CodeIgniter->run()
CRITICAL - 2023-05-05 20:13:18 --> "valid_name" is not a valid rule.
in SYSTEMPATH\Validation\Validation.php on line 320.
 1 SYSTEMPATH\Validation\Validation.php(320): CodeIgniter\Validation\Exceptions\ValidationException::forRuleNotFound('valid_name')
 2 SYSTEMPATH\Validation\Validation.php(170): CodeIgniter\Validation\Validation->processRules('Nombre_evento', 'Nombre_evento', 'ABCD', [...], [...])
 3 SYSTEMPATH\BaseModel.php(1453): CodeIgniter\Validation\Validation->run([...], null, null)
 4 SYSTEMPATH\BaseModel.php(913): CodeIgniter\BaseModel->validate([...])
 5 SYSTEMPATH\Model.php(756): CodeIgniter\BaseModel->update([...], [...])
 6 SYSTEMPATH\BaseModel.php(690): CodeIgniter\Model->update('Holaaaa', [...])
 7 APPPATH\Controllers\Home.php(19): CodeIgniter\BaseModel->save([...])
 8 SYSTEMPATH\CodeIgniter.php(934): App\Controllers\Home->index()
 9 SYSTEMPATH\CodeIgniter.php(499): CodeIgniter\CodeIgniter->runController(Object(App\Controllers\Home))
10 SYSTEMPATH\CodeIgniter.php(368): CodeIgniter\CodeIgniter->handleRequest(null, Object(Config\Cache), false)
11 FCPATH\index.php(67): CodeIgniter\CodeIgniter->run()
CRITICAL - 2023-05-05 20:13:26 --> "valid_name" is not a valid rule.
in SYSTEMPATH\Validation\Validation.php on line 320.
 1 SYSTEMPATH\Validation\Validation.php(320): CodeIgniter\Validation\Exceptions\ValidationException::forRuleNotFound('valid_name')
 2 SYSTEMPATH\Validation\Validation.php(170): CodeIgniter\Validation\Validation->processRules('Nombre_evento', 'Nombre_evento', 'ABCD', [...], [...])
 3 SYSTEMPATH\BaseModel.php(1453): CodeIgniter\Validation\Validation->run([...], null, null)
 4 SYSTEMPATH\BaseModel.php(913): CodeIgniter\BaseModel->validate([...])
 5 SYSTEMPATH\Model.php(756): CodeIgniter\BaseModel->update([...], [...])
 6 SYSTEMPATH\BaseModel.php(690): CodeIgniter\Model->update('Holaaaa', [...])
 7 APPPATH\Controllers\Home.php(19): CodeIgniter\BaseModel->save([...])
 8 SYSTEMPATH\CodeIgniter.php(934): App\Controllers\Home->index()
 9 SYSTEMPATH\CodeIgniter.php(499): CodeIgniter\CodeIgniter->runController(Object(App\Controllers\Home))
10 SYSTEMPATH\CodeIgniter.php(368): CodeIgniter\CodeIgniter->handleRequest(null, Object(Config\Cache), false)
11 FCPATH\index.php(67): CodeIgniter\CodeIgniter->run()
CRITICAL - 2023-05-05 20:13:26 --> "valid_name" is not a valid rule.
in SYSTEMPATH\Validation\Validation.php on line 320.
 1 SYSTEMPATH\Validation\Validation.php(320): CodeIgniter\Validation\Exceptions\ValidationException::forRuleNotFound('valid_name')
 2 SYSTEMPATH\Validation\Validation.php(170): CodeIgniter\Validation\Validation->processRules('Nombre_evento', 'Nombre_evento', 'ABCD', [...], [...])
 3 SYSTEMPATH\BaseModel.php(1453): CodeIgniter\Validation\Validation->run([...], null, null)
 4 SYSTEMPATH\BaseModel.php(913): CodeIgniter\BaseModel->validate([...])
 5 SYSTEMPATH\Model.php(756): CodeIgniter\BaseModel->update([...], [...])
 6 SYSTEMPATH\BaseModel.php(690): CodeIgniter\Model->update('Holaaaa', [...])
 7 APPPATH\Controllers\Home.php(19): CodeIgniter\BaseModel->save([...])
 8 SYSTEMPATH\CodeIgniter.php(934): App\Controllers\Home->index()
 9 SYSTEMPATH\CodeIgniter.php(499): CodeIgniter\CodeIgniter->runController(Object(App\Controllers\Home))
10 SYSTEMPATH\CodeIgniter.php(368): CodeIgniter\CodeIgniter->handleRequest(null, Object(Config\Cache), false)
11 FCPATH\index.php(67): CodeIgniter\CodeIgniter->run()
CRITICAL - 2023-05-05 20:13:27 --> "valid_name" is not a valid rule.
in SYSTEMPATH\Validation\Validation.php on line 320.
 1 SYSTEMPATH\Validation\Validation.php(320): CodeIgniter\Validation\Exceptions\ValidationException::forRuleNotFound('valid_name')
 2 SYSTEMPATH\Validation\Validation.php(170): CodeIgniter\Validation\Validation->processRules('Nombre_evento', 'Nombre_evento', 'ABCD', [...], [...])
 3 SYSTEMPATH\BaseModel.php(1453): CodeIgniter\Validation\Validation->run([...], null, null)
 4 SYSTEMPATH\BaseModel.php(913): CodeIgniter\BaseModel->validate([...])
 5 SYSTEMPATH\Model.php(756): CodeIgniter\BaseModel->update([...], [...])
 6 SYSTEMPATH\BaseModel.php(690): CodeIgniter\Model->update('Holaaaa', [...])
 7 APPPATH\Controllers\Home.php(19): CodeIgniter\BaseModel->save([...])
 8 SYSTEMPATH\CodeIgniter.php(934): App\Controllers\Home->index()
 9 SYSTEMPATH\CodeIgniter.php(499): CodeIgniter\CodeIgniter->runController(Object(App\Controllers\Home))
10 SYSTEMPATH\CodeIgniter.php(368): CodeIgniter\CodeIgniter->handleRequest(null, Object(Config\Cache), false)
11 FCPATH\index.php(67): CodeIgniter\CodeIgniter->run()
CRITICAL - 2023-05-05 20:13:27 --> "valid_name" is not a valid rule.
in SYSTEMPATH\Validation\Validation.php on line 320.
 1 SYSTEMPATH\Validation\Validation.php(320): CodeIgniter\Validation\Exceptions\ValidationException::forRuleNotFound('valid_name')
 2 SYSTEMPATH\Validation\Validation.php(170): CodeIgniter\Validation\Validation->processRules('Nombre_evento', 'Nombre_evento', 'ABCD', [...], [...])
 3 SYSTEMPATH\BaseModel.php(1453): CodeIgniter\Validation\Validation->run([...], null, null)
 4 SYSTEMPATH\BaseModel.php(913): CodeIgniter\BaseModel->validate([...])
 5 SYSTEMPATH\Model.php(756): CodeIgniter\BaseModel->update([...], [...])
 6 SYSTEMPATH\BaseModel.php(690): CodeIgniter\Model->update('Holaaaa', [...])
 7 APPPATH\Controllers\Home.php(19): CodeIgniter\BaseModel->save([...])
 8 SYSTEMPATH\CodeIgniter.php(934): App\Controllers\Home->index()
 9 SYSTEMPATH\CodeIgniter.php(499): CodeIgniter\CodeIgniter->runController(Object(App\Controllers\Home))
10 SYSTEMPATH\CodeIgniter.php(368): CodeIgniter\CodeIgniter->handleRequest(null, Object(Config\Cache), false)
11 FCPATH\index.php(67): CodeIgniter\CodeIgniter->run()
ERROR - 2023-05-05 20:40:46 --> mysqli_sql_exception: Unknown column 'id' in 'order clause' in C:\xampp\htdocs\cim4\system\Database\MySQLi\Connection.php:295
Stack trace:
#0 C:\xampp\htdocs\cim4\system\Database\MySQLi\Connection.php(295): mysqli->query('SELECT *\nFROM `...', 0)
#1 C:\xampp\htdocs\cim4\system\Database\BaseConnection.php(692): CodeIgniter\Database\MySQLi\Connection->execute('SELECT *\nFROM `...')
#2 C:\xampp\htdocs\cim4\system\Database\BaseConnection.php(606): CodeIgniter\Database\BaseConnection->simpleQuery('SELECT *\nFROM `...')
#3 C:\xampp\htdocs\cim4\system\Database\BaseBuilder.php(1616): CodeIgniter\Database\BaseConnection->query('SELECT *\nFROM `...', Array, false)
#4 C:\xampp\htdocs\cim4\system\Model.php(241): CodeIgniter\Database\BaseBuilder->get()
#5 C:\xampp\htdocs\cim4\system\BaseModel.php(618): CodeIgniter\Model->doFindAll(0, 0)
#6 C:\xampp\htdocs\cim4\app\Controllers\Home.php(26): CodeIgniter\BaseModel->findAll()
#7 C:\xampp\htdocs\cim4\system\CodeIgniter.php(934): App\Controllers\Home->index()
#8 C:\xampp\htdocs\cim4\system\CodeIgniter.php(499): CodeIgniter\CodeIgniter->runController(Object(App\Controllers\Home))
#9 C:\xampp\htdocs\cim4\system\CodeIgniter.php(368): CodeIgniter\CodeIgniter->handleRequest(NULL, Object(Config\Cache), false)
#10 C:\xampp\htdocs\cim4\index.php(67): CodeIgniter\CodeIgniter->run()
#11 {main}
CRITICAL - 2023-05-05 20:40:46 --> Unknown column 'id' in 'order clause'
in SYSTEMPATH\Database\MySQLi\Connection.php on line 295.
 1 SYSTEMPATH\Database\MySQLi\Connection.php(295): mysqli->query('SELECT *
FROM `eventos`
WHERE `Organizador` = \'Ana García\'
ORDER BY `id` ASC', 0)
 2 SYSTEMPATH\Database\BaseConnection.php(692): CodeIgniter\Database\MySQLi\Connection->execute('SELECT *
FROM `eventos`
WHERE `Organizador` = \'Ana García\'
ORDER BY `id` ASC')
 3 SYSTEMPATH\Database\BaseConnection.php(606): CodeIgniter\Database\BaseConnection->simpleQuery('SELECT *
FROM `eventos`
WHERE `Organizador` = \'Ana García\'
ORDER BY `id` ASC')
 4 SYSTEMPATH\Database\BaseBuilder.php(1616): CodeIgniter\Database\BaseConnection->query('SELECT *
FROM `eventos`
WHERE `Organizador` = :Organizador:
ORDER BY `id` ASC', [...], false)
 5 SYSTEMPATH\Model.php(241): CodeIgniter\Database\BaseBuilder->get()
 6 SYSTEMPATH\BaseModel.php(618): CodeIgniter\Model->doFindAll(0, 0)
 7 APPPATH\Controllers\Home.php(26): CodeIgniter\BaseModel->findAll()
 8 SYSTEMPATH\CodeIgniter.php(934): App\Controllers\Home->index()
 9 SYSTEMPATH\CodeIgniter.php(499): CodeIgniter\CodeIgniter->runController(Object(App\Controllers\Home))
10 SYSTEMPATH\CodeIgniter.php(368): CodeIgniter\CodeIgniter->handleRequest(null, Object(Config\Cache), false)
11 FCPATH\index.php(67): CodeIgniter\CodeIgniter->run()
ERROR - 2023-05-05 20:40:48 --> mysqli_sql_exception: Unknown column 'id' in 'order clause' in C:\xampp\htdocs\cim4\system\Database\MySQLi\Connection.php:295
Stack trace:
#0 C:\xampp\htdocs\cim4\system\Database\MySQLi\Connection.php(295): mysqli->query('SELECT *\nFROM `...', 0)
#1 C:\xampp\htdocs\cim4\system\Database\BaseConnection.php(692): CodeIgniter\Database\MySQLi\Connection->execute('SELECT *\nFROM `...')
#2 C:\xampp\htdocs\cim4\system\Database\BaseConnection.php(606): CodeIgniter\Database\BaseConnection->simpleQuery('SELECT *\nFROM `...')
#3 C:\xampp\htdocs\cim4\system\Database\BaseBuilder.php(1616): CodeIgniter\Database\BaseConnection->query('SELECT *\nFROM `...', Array, false)
#4 C:\xampp\htdocs\cim4\system\Model.php(241): CodeIgniter\Database\BaseBuilder->get()
#5 C:\xampp\htdocs\cim4\system\BaseModel.php(618): CodeIgniter\Model->doFindAll(0, 0)
#6 C:\xampp\htdocs\cim4\app\Controllers\Home.php(26): CodeIgniter\BaseModel->findAll()
#7 C:\xampp\htdocs\cim4\system\CodeIgniter.php(934): App\Controllers\Home->index()
#8 C:\xampp\htdocs\cim4\system\CodeIgniter.php(499): CodeIgniter\CodeIgniter->runController(Object(App\Controllers\Home))
#9 C:\xampp\htdocs\cim4\system\CodeIgniter.php(368): CodeIgniter\CodeIgniter->handleRequest(NULL, Object(Config\Cache), false)
#10 C:\xampp\htdocs\cim4\index.php(67): CodeIgniter\CodeIgniter->run()
#11 {main}
CRITICAL - 2023-05-05 20:40:48 --> Unknown column 'id' in 'order clause'
in SYSTEMPATH\Database\MySQLi\Connection.php on line 295.
 1 SYSTEMPATH\Database\MySQLi\Connection.php(295): mysqli->query('SELECT *
FROM `eventos`
WHERE `Organizador` = \'Ana García\'
ORDER BY `id` ASC', 0)
 2 SYSTEMPATH\Database\BaseConnection.php(692): CodeIgniter\Database\MySQLi\Connection->execute('SELECT *
FROM `eventos`
WHERE `Organizador` = \'Ana García\'
ORDER BY `id` ASC')
 3 SYSTEMPATH\Database\BaseConnection.php(606): CodeIgniter\Database\BaseConnection->simpleQuery('SELECT *
FROM `eventos`
WHERE `Organizador` = \'Ana García\'
ORDER BY `id` ASC')
 4 SYSTEMPATH\Database\BaseBuilder.php(1616): CodeIgniter\Database\BaseConnection->query('SELECT *
FROM `eventos`
WHERE `Organizador` = :Organizador:
ORDER BY `id` ASC', [...], false)
 5 SYSTEMPATH\Model.php(241): CodeIgniter\Database\BaseBuilder->get()
 6 SYSTEMPATH\BaseModel.php(618): CodeIgniter\Model->doFindAll(0, 0)
 7 APPPATH\Controllers\Home.php(26): CodeIgniter\BaseModel->findAll()
 8 SYSTEMPATH\CodeIgniter.php(934): App\Controllers\Home->index()
 9 SYSTEMPATH\CodeIgniter.php(499): CodeIgniter\CodeIgniter->runController(Object(App\Controllers\Home))
10 SYSTEMPATH\CodeIgniter.php(368): CodeIgniter\CodeIgniter->handleRequest(null, Object(Config\Cache), false)
11 FCPATH\index.php(67): CodeIgniter\CodeIgniter->run()
CRITICAL - 2023-05-05 21:08:25 --> syntax error, unexpected token "echo", expecting "," or ";"
in APPPATH\Views\estructura\formulario.php on line 4.
 1 SYSTEMPATH\View\View.php(216): CodeIgniter\View\View->CodeIgniter\View\{closure}()
 2 SYSTEMPATH\Common.php(1184): CodeIgniter\View\View->render('estructura/formulario', [], true)
 3 APPPATH\Controllers\Home.php(12): view('estructura/formulario')
 4 SYSTEMPATH\CodeIgniter.php(934): App\Controllers\Home->formulario()
 5 SYSTEMPATH\CodeIgniter.php(499): CodeIgniter\CodeIgniter->runController(Object(App\Controllers\Home))
 6 SYSTEMPATH\CodeIgniter.php(368): CodeIgniter\CodeIgniter->handleRequest(null, Object(Config\Cache), false)
 7 FCPATH\index.php(67): CodeIgniter\CodeIgniter->run()
CRITICAL - 2023-05-05 21:16:12 --> Undefined array key "Id de Usuario"
in APPPATH\Views\estructura\body.php on line 13.
 1 APPPATH\Views\estructura\body.php(13): CodeIgniter\Debug\Exceptions->errorHandler(2, 'Undefined array key "Id de Usuario"', 'C:\\xampp\\htdocs\\cim4\\app\\Views\\estructura\\body.php', 13)
 2 SYSTEMPATH\View\View.php(213): include('C:\\xampp\\htdocs\\cim4\\app\\Views\\estructura\\body.php')
 3 SYSTEMPATH\View\View.php(216): CodeIgniter\View\View->CodeIgniter\View\{closure}()
 4 SYSTEMPATH\Common.php(1184): CodeIgniter\View\View->render('estructura/body', [], true)
 5 APPPATH\Controllers\Home.php(42): view('estructura/body', [...])
 6 SYSTEMPATH\CodeIgniter.php(934): App\Controllers\Home->index()
 7 SYSTEMPATH\CodeIgniter.php(499): CodeIgniter\CodeIgniter->runController(Object(App\Controllers\Home))
 8 SYSTEMPATH\CodeIgniter.php(368): CodeIgniter\CodeIgniter->handleRequest(null, Object(Config\Cache), false)
 9 FCPATH\index.php(67): CodeIgniter\CodeIgniter->run()
CRITICAL - 2023-05-05 21:16:28 --> Undefined array key "Id_suario"
in APPPATH\Views\estructura\body.php on line 13.
 1 APPPATH\Views\estructura\body.php(13): CodeIgniter\Debug\Exceptions->errorHandler(2, 'Undefined array key "Id_suario"', 'C:\\xampp\\htdocs\\cim4\\app\\Views\\estructura\\body.php', 13)
 2 SYSTEMPATH\View\View.php(213): include('C:\\xampp\\htdocs\\cim4\\app\\Views\\estructura\\body.php')
 3 SYSTEMPATH\View\View.php(216): CodeIgniter\View\View->CodeIgniter\View\{closure}()
 4 SYSTEMPATH\Common.php(1184): CodeIgniter\View\View->render('estructura/body', [], true)
 5 APPPATH\Controllers\Home.php(42): view('estructura/body', [...])
 6 SYSTEMPATH\CodeIgniter.php(934): App\Controllers\Home->index()
 7 SYSTEMPATH\CodeIgniter.php(499): CodeIgniter\CodeIgniter->runController(Object(App\Controllers\Home))
 8 SYSTEMPATH\CodeIgniter.php(368): CodeIgniter\CodeIgniter->handleRequest(null, Object(Config\Cache), false)
 9 FCPATH\index.php(67): CodeIgniter\CodeIgniter->run()
ERROR - 2023-05-05 22:28:51 --> mysqli_sql_exception: Duplicate entry '0' for key 'PRIMARY' in C:\xampp\htdocs\cim4\system\Database\MySQLi\Connection.php:295
Stack trace:
#0 C:\xampp\htdocs\cim4\system\Database\MySQLi\Connection.php(295): mysqli->query('INSERT INTO `ev...', 0)
#1 C:\xampp\htdocs\cim4\system\Database\BaseConnection.php(692): CodeIgniter\Database\MySQLi\Connection->execute('INSERT INTO `ev...')
#2 C:\xampp\htdocs\cim4\system\Database\BaseConnection.php(606): CodeIgniter\Database\BaseConnection->simpleQuery('INSERT INTO `ev...')
#3 C:\xampp\htdocs\cim4\system\Database\BaseBuilder.php(2309): CodeIgniter\Database\BaseConnection->query('INSERT INTO `ev...', Array, false)
#4 C:\xampp\htdocs\cim4\system\Model.php(330): CodeIgniter\Database\BaseBuilder->insert()
#5 C:\xampp\htdocs\cim4\system\BaseModel.php(782): CodeIgniter\Model->doInsert(Array)
#6 C:\xampp\htdocs\cim4\system\Model.php(730): CodeIgniter\BaseModel->insert(Array, true)
#7 C:\xampp\htdocs\cim4\app\Controllers\Home.php(27): CodeIgniter\Model->insert(Array)
#8 C:\xampp\htdocs\cim4\system\CodeIgniter.php(934): App\Controllers\Home->guarda()
#9 C:\xampp\htdocs\cim4\system\CodeIgniter.php(499): CodeIgniter\CodeIgniter->runController(Object(App\Controllers\Home))
#10 C:\xampp\htdocs\cim4\system\CodeIgniter.php(368): CodeIgniter\CodeIgniter->handleRequest(NULL, Object(Config\Cache), false)
#11 C:\xampp\htdocs\cim4\index.php(67): CodeIgniter\CodeIgniter->run()
#12 {main}
CRITICAL - 2023-05-05 22:28:51 --> Duplicate entry '0' for key 'PRIMARY'
in SYSTEMPATH\Database\MySQLi\Connection.php on line 295.
 1 SYSTEMPATH\Database\MySQLi\Connection.php(295): mysqli->query('INSERT INTO `eventos` (`Nombre_evento`, `Tipo`, `Fecha`, `Hora`, `Descripcion`, `Organizador`, `Enlace`, `Imagen`) VALUES (\'Evento2\', \'Privado\', \'2023-05-20\', \'17:00:00\', \'Lorem Ipsum\', \'Carla Rodriguez\', \'evento1.com\', \'C:Descargas\\\\Evento1\')', 0)
 2 SYSTEMPATH\Database\BaseConnection.php(692): CodeIgniter\Database\MySQLi\Connection->execute('INSERT INTO `eventos` (`Nombre_evento`, `Tipo`, `Fecha`, `Hora`, `Descripcion`, `Organizador`, `Enlace`, `Imagen`) VALUES (\'Evento2\', \'Privado\', \'2023-05-20\', \'17:00:00\', \'Lorem Ipsum\', \'Carla Rodriguez\', \'evento1.com\', \'C:Descargas\\\\Evento1\')')
 3 SYSTEMPATH\Database\BaseConnection.php(606): CodeIgniter\Database\BaseConnection->simpleQuery('INSERT INTO `eventos` (`Nombre_evento`, `Tipo`, `Fecha`, `Hora`, `Descripcion`, `Organizador`, `Enlace`, `Imagen`) VALUES (\'Evento2\', \'Privado\', \'2023-05-20\', \'17:00:00\', \'Lorem Ipsum\', \'Carla Rodriguez\', \'evento1.com\', \'C:Descargas\\\\Evento1\')')
 4 SYSTEMPATH\Database\BaseBuilder.php(2309): CodeIgniter\Database\BaseConnection->query('INSERT INTO `eventos` (`Nombre_evento`, `Tipo`, `Fecha`, `Hora`, `Descripcion`, `Organizador`, `Enlace`, `Imagen`) VALUES (:Nombre_evento:, :Tipo:, :Fecha:, :Hora:, :Descripcion:, :Organizador:, :Enlace:, :Imagen:)', [...], false)
 5 SYSTEMPATH\Model.php(330): CodeIgniter\Database\BaseBuilder->insert()
 6 SYSTEMPATH\BaseModel.php(782): CodeIgniter\Model->doInsert([...])
 7 SYSTEMPATH\Model.php(730): CodeIgniter\BaseModel->insert([...], true)
 8 APPPATH\Controllers\Home.php(27): CodeIgniter\Model->insert([...])
 9 SYSTEMPATH\CodeIgniter.php(934): App\Controllers\Home->guarda()
10 SYSTEMPATH\CodeIgniter.php(499): CodeIgniter\CodeIgniter->runController(Object(App\Controllers\Home))
11 SYSTEMPATH\CodeIgniter.php(368): CodeIgniter\CodeIgniter->handleRequest(null, Object(Config\Cache), false)
12 FCPATH\index.php(67): CodeIgniter\CodeIgniter->run()
ERROR - 2023-05-05 22:29:02 --> mysqli_sql_exception: Duplicate entry '0' for key 'PRIMARY' in C:\xampp\htdocs\cim4\system\Database\MySQLi\Connection.php:295
Stack trace:
#0 C:\xampp\htdocs\cim4\system\Database\MySQLi\Connection.php(295): mysqli->query('INSERT INTO `ev...', 0)
#1 C:\xampp\htdocs\cim4\system\Database\BaseConnection.php(692): CodeIgniter\Database\MySQLi\Connection->execute('INSERT INTO `ev...')
#2 C:\xampp\htdocs\cim4\system\Database\BaseConnection.php(606): CodeIgniter\Database\BaseConnection->simpleQuery('INSERT INTO `ev...')
#3 C:\xampp\htdocs\cim4\system\Database\BaseBuilder.php(2309): CodeIgniter\Database\BaseConnection->query('INSERT INTO `ev...', Array, false)
#4 C:\xampp\htdocs\cim4\system\Model.php(330): CodeIgniter\Database\BaseBuilder->insert()
#5 C:\xampp\htdocs\cim4\system\BaseModel.php(782): CodeIgniter\Model->doInsert(Array)
#6 C:\xampp\htdocs\cim4\system\Model.php(730): CodeIgniter\BaseModel->insert(Array, true)
#7 C:\xampp\htdocs\cim4\app\Controllers\Home.php(27): CodeIgniter\Model->insert(Array)
#8 C:\xampp\htdocs\cim4\system\CodeIgniter.php(934): App\Controllers\Home->guarda()
#9 C:\xampp\htdocs\cim4\system\CodeIgniter.php(499): CodeIgniter\CodeIgniter->runController(Object(App\Controllers\Home))
#10 C:\xampp\htdocs\cim4\system\CodeIgniter.php(368): CodeIgniter\CodeIgniter->handleRequest(NULL, Object(Config\Cache), false)
#11 C:\xampp\htdocs\cim4\index.php(67): CodeIgniter\CodeIgniter->run()
#12 {main}
CRITICAL - 2023-05-05 22:29:02 --> Duplicate entry '0' for key 'PRIMARY'
in SYSTEMPATH\Database\MySQLi\Connection.php on line 295.
 1 SYSTEMPATH\Database\MySQLi\Connection.php(295): mysqli->query('INSERT INTO `eventos` (`Nombre_evento`, `Tipo`, `Fecha`, `Hora`, `Descripcion`, `Organizador`, `Enlace`, `Imagen`) VALUES (\'Evento2\', \'Privado\', \'2023-05-20\', \'17:00:00\', \'Lorem Ipsum\', \'Carla Rodriguez\', \'evento1.com\', \'C:Descargas\\\\Evento1\')', 0)
 2 SYSTEMPATH\Database\BaseConnection.php(692): CodeIgniter\Database\MySQLi\Connection->execute('INSERT INTO `eventos` (`Nombre_evento`, `Tipo`, `Fecha`, `Hora`, `Descripcion`, `Organizador`, `Enlace`, `Imagen`) VALUES (\'Evento2\', \'Privado\', \'2023-05-20\', \'17:00:00\', \'Lorem Ipsum\', \'Carla Rodriguez\', \'evento1.com\', \'C:Descargas\\\\Evento1\')')
 3 SYSTEMPATH\Database\BaseConnection.php(606): CodeIgniter\Database\BaseConnection->simpleQuery('INSERT INTO `eventos` (`Nombre_evento`, `Tipo`, `Fecha`, `Hora`, `Descripcion`, `Organizador`, `Enlace`, `Imagen`) VALUES (\'Evento2\', \'Privado\', \'2023-05-20\', \'17:00:00\', \'Lorem Ipsum\', \'Carla Rodriguez\', \'evento1.com\', \'C:Descargas\\\\Evento1\')')
 4 SYSTEMPATH\Database\BaseBuilder.php(2309): CodeIgniter\Database\BaseConnection->query('INSERT INTO `eventos` (`Nombre_evento`, `Tipo`, `Fecha`, `Hora`, `Descripcion`, `Organizador`, `Enlace`, `Imagen`) VALUES (:Nombre_evento:, :Tipo:, :Fecha:, :Hora:, :Descripcion:, :Organizador:, :Enlace:, :Imagen:)', [...], false)
 5 SYSTEMPATH\Model.php(330): CodeIgniter\Database\BaseBuilder->insert()
 6 SYSTEMPATH\BaseModel.php(782): CodeIgniter\Model->doInsert([...])
 7 SYSTEMPATH\Model.php(730): CodeIgniter\BaseModel->insert([...], true)
 8 APPPATH\Controllers\Home.php(27): CodeIgniter\Model->insert([...])
 9 SYSTEMPATH\CodeIgniter.php(934): App\Controllers\Home->guarda()
10 SYSTEMPATH\CodeIgniter.php(499): CodeIgniter\CodeIgniter->runController(Object(App\Controllers\Home))
11 SYSTEMPATH\CodeIgniter.php(368): CodeIgniter\CodeIgniter->handleRequest(null, Object(Config\Cache), false)
12 FCPATH\index.php(67): CodeIgniter\CodeIgniter->run()
