CRITICAL - 2023-05-23 19:24:21 --> syntax error, unexpected token ";", expecting "function" or "const"
in APPPATH\Controllers\Home.php on line 73.
 1 SYSTEMPATH\Router\Router.php(507): CodeIgniter\Router\AutoRouter->getRoute('home/formulario')
 2 SYSTEMPATH\Router\Router.php(206): CodeIgniter\Router\Router->autoRoute('home/formulario')
 3 SYSTEMPATH\CodeIgniter.php(815): CodeIgniter\Router\Router->handle('home/formulario')
 4 SYSTEMPATH\CodeIgniter.php(449): CodeIgniter\CodeIgniter->tryToRouteIt(Object(CodeIgniter\Router\RouteCollection))
 5 SYSTEMPATH\CodeIgniter.php(368): CodeIgniter\CodeIgniter->handleRequest(null, Object(Config\Cache), false)
 6 FCPATH\index.php(67): CodeIgniter\CodeIgniter->run()
CRITICAL - 2023-05-23 19:24:35 --> syntax error, unexpected token ";", expecting "function" or "const"
in APPPATH\Controllers\Home.php on line 73.
 1 SYSTEMPATH\Router\Router.php(507): CodeIgniter\Router\AutoRouter->getRoute('home/formulario')
 2 SYSTEMPATH\Router\Router.php(206): CodeIgniter\Router\Router->autoRoute('home/formulario')
 3 SYSTEMPATH\CodeIgniter.php(815): CodeIgniter\Router\Router->handle('home/formulario')
 4 SYSTEMPATH\CodeIgniter.php(449): CodeIgniter\CodeIgniter->tryToRouteIt(Object(CodeIgniter\Router\RouteCollection))
 5 SYSTEMPATH\CodeIgniter.php(368): CodeIgniter\CodeIgniter->handleRequest(null, Object(Config\Cache), false)
 6 FCPATH\index.php(67): CodeIgniter\CodeIgniter->run()
CRITICAL - 2023-05-23 19:24:40 --> syntax error, unexpected token ";", expecting "function" or "const"
in APPPATH\Controllers\Home.php on line 73.
 1 SYSTEMPATH\Router\Router.php(507): CodeIgniter\Router\AutoRouter->getRoute('home/formulario')
 2 SYSTEMPATH\Router\Router.php(206): CodeIgniter\Router\Router->autoRoute('home/formulario')
 3 SYSTEMPATH\CodeIgniter.php(815): CodeIgniter\Router\Router->handle('home/formulario')
 4 SYSTEMPATH\CodeIgniter.php(449): CodeIgniter\CodeIgniter->tryToRouteIt(Object(CodeIgniter\Router\RouteCollection))
 5 SYSTEMPATH\CodeIgniter.php(368): CodeIgniter\CodeIgniter->handleRequest(null, Object(Config\Cache), false)
 6 FCPATH\index.php(67): CodeIgniter\CodeIgniter->run()
CRITICAL - 2023-05-23 20:47:42 --> syntax error, unexpected token "<", expecting end of file
in APPPATH\Views\estructura\formulario.php on line 3.
 1 SYSTEMPATH\View\View.php(216): CodeIgniter\View\View->CodeIgniter\View\{closure}()
 2 SYSTEMPATH\Common.php(1184): CodeIgniter\View\View->render('estructura/formulario', [], true)
 3 APPPATH\Controllers\Home.php(86): view('estructura/formulario')
 4 SYSTEMPATH\CodeIgniter.php(934): App\Controllers\Home->formulario()
 5 SYSTEMPATH\CodeIgniter.php(499): CodeIgniter\CodeIgniter->runController(Object(App\Controllers\Home))
 6 SYSTEMPATH\CodeIgniter.php(368): CodeIgniter\CodeIgniter->handleRequest(null, Object(Config\Cache), false)
 7 FCPATH\index.php(67): CodeIgniter\CodeIgniter->run()
CRITICAL - 2023-05-23 21:03:28 --> Call to a member function getName() on null
in APPPATH\Controllers\Home.php on line 25.
 1 SYSTEMPATH\CodeIgniter.php(934): App\Controllers\Home->guarda()
 2 SYSTEMPATH\CodeIgniter.php(499): CodeIgniter\CodeIgniter->runController(Object(App\Controllers\Home))
 3 SYSTEMPATH\CodeIgniter.php(368): CodeIgniter\CodeIgniter->handleRequest(null, Object(Config\Cache), false)
 4 FCPATH\index.php(67): CodeIgniter\CodeIgniter->run()
CRITICAL - 2023-05-23 21:03:44 --> Call to a member function getName() on null
in APPPATH\Controllers\Home.php on line 25.
 1 SYSTEMPATH\CodeIgniter.php(934): App\Controllers\Home->guarda()
 2 SYSTEMPATH\CodeIgniter.php(499): CodeIgniter\CodeIgniter->runController(Object(App\Controllers\Home))
 3 SYSTEMPATH\CodeIgniter.php(368): CodeIgniter\CodeIgniter->handleRequest(null, Object(Config\Cache), false)
 4 FCPATH\index.php(67): CodeIgniter\CodeIgniter->run()
