CRITICAL - 2023-05-26 20:46:44 --> Call to a member function getName() on null
in APPPATH\Controllers\Home.php on line 25.
 1 SYSTEMPATH\CodeIgniter.php(934): App\Controllers\Home->guarda()
 2 SYSTEMPATH\CodeIgniter.php(499): CodeIgniter\CodeIgniter->runController(Object(App\Controllers\Home))
 3 SYSTEMPATH\CodeIgniter.php(368): CodeIgniter\CodeIgniter->handleRequest(null, Object(Config\Cache), false)
 4 FCPATH\index.php(67): CodeIgniter\CodeIgniter->run()
CRITICAL - 2023-05-26 20:46:50 --> Call to a member function getName() on null
in APPPATH\Controllers\Home.php on line 25.
 1 SYSTEMPATH\CodeIgniter.php(934): App\Controllers\Home->guarda()
 2 SYSTEMPATH\CodeIgniter.php(499): CodeIgniter\CodeIgniter->runController(Object(App\Controllers\Home))
 3 SYSTEMPATH\CodeIgniter.php(368): CodeIgniter\CodeIgniter->handleRequest(null, Object(Config\Cache), false)
 4 FCPATH\index.php(67): CodeIgniter\CodeIgniter->run()
CRITICAL - 2023-05-26 21:17:43 --> Undefined array key 0
in APPPATH\Views\estructura\formulario.php on line 7.
 1 APPPATH\Views\estructura\formulario.php(7): CodeIgniter\Debug\Exceptions->errorHandler(2, 'Undefined array key 0', 'C:\\xampp\\htdocs\\cim4\\app\\Views\\estructura\\formulario.php', 7)
 2 SYSTEMPATH\View\View.php(213): include('C:\\xampp\\htdocs\\cim4\\app\\Views\\estructura\\formulario.php')
 3 SYSTEMPATH\View\View.php(216): CodeIgniter\View\View->CodeIgniter\View\{closure}()
 4 SYSTEMPATH\Common.php(1184): CodeIgniter\View\View->render('estructura/formulario', [], true)
 5 APPPATH\Controllers\Home.php(80): view('estructura/formulario', [...])
 6 SYSTEMPATH\CodeIgniter.php(934): App\Controllers\Home->editar()
 7 SYSTEMPATH\CodeIgniter.php(499): CodeIgniter\CodeIgniter->runController(Object(App\Controllers\Home))
 8 SYSTEMPATH\CodeIgniter.php(368): CodeIgniter\CodeIgniter->handleRequest(null, Object(Config\Cache), false)
 9 FCPATH\index.php(67): CodeIgniter\CodeIgniter->run()
CRITICAL - 2023-05-26 21:22:23 --> Undefined array key 0
in APPPATH\Views\estructura\formulario.php on line 7.
 1 APPPATH\Views\estructura\formulario.php(7): CodeIgniter\Debug\Exceptions->errorHandler(2, 'Undefined array key 0', 'C:\\xampp\\htdocs\\cim4\\app\\Views\\estructura\\formulario.php', 7)
 2 SYSTEMPATH\View\View.php(213): include('C:\\xampp\\htdocs\\cim4\\app\\Views\\estructura\\formulario.php')
 3 SYSTEMPATH\View\View.php(216): CodeIgniter\View\View->CodeIgniter\View\{closure}()
 4 SYSTEMPATH\Common.php(1184): CodeIgniter\View\View->render('estructura/formulario', [], true)
 5 APPPATH\Controllers\Home.php(80): view('estructura/formulario', [...])
 6 SYSTEMPATH\CodeIgniter.php(934): App\Controllers\Home->editar()
 7 SYSTEMPATH\CodeIgniter.php(499): CodeIgniter\CodeIgniter->runController(Object(App\Controllers\Home))
 8 SYSTEMPATH\CodeIgniter.php(368): CodeIgniter\CodeIgniter->handleRequest(null, Object(Config\Cache), false)
 9 FCPATH\index.php(67): CodeIgniter\CodeIgniter->run()
CRITICAL - 2023-05-26 21:22:52 --> Undefined array key 0
in APPPATH\Views\estructura\formulario.php on line 7.
 1 APPPATH\Views\estructura\formulario.php(7): CodeIgniter\Debug\Exceptions->errorHandler(2, 'Undefined array key 0', 'C:\\xampp\\htdocs\\cim4\\app\\Views\\estructura\\formulario.php', 7)
 2 SYSTEMPATH\View\View.php(213): include('C:\\xampp\\htdocs\\cim4\\app\\Views\\estructura\\formulario.php')
 3 SYSTEMPATH\View\View.php(216): CodeIgniter\View\View->CodeIgniter\View\{closure}()
 4 SYSTEMPATH\Common.php(1184): CodeIgniter\View\View->render('estructura/formulario', [], true)
 5 APPPATH\Controllers\Home.php(80): view('estructura/formulario', [...])
 6 SYSTEMPATH\CodeIgniter.php(934): App\Controllers\Home->editar()
 7 SYSTEMPATH\CodeIgniter.php(499): CodeIgniter\CodeIgniter->runController(Object(App\Controllers\Home))
 8 SYSTEMPATH\CodeIgniter.php(368): CodeIgniter\CodeIgniter->handleRequest(null, Object(Config\Cache), false)
 9 FCPATH\index.php(67): CodeIgniter\CodeIgniter->run()
CRITICAL - 2023-05-26 21:22:53 --> Undefined array key 0
in APPPATH\Views\estructura\formulario.php on line 7.
 1 APPPATH\Views\estructura\formulario.php(7): CodeIgniter\Debug\Exceptions->errorHandler(2, 'Undefined array key 0', 'C:\\xampp\\htdocs\\cim4\\app\\Views\\estructura\\formulario.php', 7)
 2 SYSTEMPATH\View\View.php(213): include('C:\\xampp\\htdocs\\cim4\\app\\Views\\estructura\\formulario.php')
 3 SYSTEMPATH\View\View.php(216): CodeIgniter\View\View->CodeIgniter\View\{closure}()
 4 SYSTEMPATH\Common.php(1184): CodeIgniter\View\View->render('estructura/formulario', [], true)
 5 APPPATH\Controllers\Home.php(80): view('estructura/formulario', [...])
 6 SYSTEMPATH\CodeIgniter.php(934): App\Controllers\Home->editar()
 7 SYSTEMPATH\CodeIgniter.php(499): CodeIgniter\CodeIgniter->runController(Object(App\Controllers\Home))
 8 SYSTEMPATH\CodeIgniter.php(368): CodeIgniter\CodeIgniter->handleRequest(null, Object(Config\Cache), false)
 9 FCPATH\index.php(67): CodeIgniter\CodeIgniter->run()
CRITICAL - 2023-05-26 21:22:53 --> Undefined array key 0
in APPPATH\Views\estructura\formulario.php on line 7.
 1 APPPATH\Views\estructura\formulario.php(7): CodeIgniter\Debug\Exceptions->errorHandler(2, 'Undefined array key 0', 'C:\\xampp\\htdocs\\cim4\\app\\Views\\estructura\\formulario.php', 7)
 2 SYSTEMPATH\View\View.php(213): include('C:\\xampp\\htdocs\\cim4\\app\\Views\\estructura\\formulario.php')
 3 SYSTEMPATH\View\View.php(216): CodeIgniter\View\View->CodeIgniter\View\{closure}()
 4 SYSTEMPATH\Common.php(1184): CodeIgniter\View\View->render('estructura/formulario', [], true)
 5 APPPATH\Controllers\Home.php(80): view('estructura/formulario', [...])
 6 SYSTEMPATH\CodeIgniter.php(934): App\Controllers\Home->editar()
 7 SYSTEMPATH\CodeIgniter.php(499): CodeIgniter\CodeIgniter->runController(Object(App\Controllers\Home))
 8 SYSTEMPATH\CodeIgniter.php(368): CodeIgniter\CodeIgniter->handleRequest(null, Object(Config\Cache), false)
 9 FCPATH\index.php(67): CodeIgniter\CodeIgniter->run()
CRITICAL - 2023-05-26 21:22:57 --> Undefined array key 0
in APPPATH\Views\estructura\formulario.php on line 7.
 1 APPPATH\Views\estructura\formulario.php(7): CodeIgniter\Debug\Exceptions->errorHandler(2, 'Undefined array key 0', 'C:\\xampp\\htdocs\\cim4\\app\\Views\\estructura\\formulario.php', 7)
 2 SYSTEMPATH\View\View.php(213): include('C:\\xampp\\htdocs\\cim4\\app\\Views\\estructura\\formulario.php')
 3 SYSTEMPATH\View\View.php(216): CodeIgniter\View\View->CodeIgniter\View\{closure}()
 4 SYSTEMPATH\Common.php(1184): CodeIgniter\View\View->render('estructura/formulario', [], true)
 5 APPPATH\Controllers\Home.php(80): view('estructura/formulario', [...])
 6 SYSTEMPATH\CodeIgniter.php(934): App\Controllers\Home->editar()
 7 SYSTEMPATH\CodeIgniter.php(499): CodeIgniter\CodeIgniter->runController(Object(App\Controllers\Home))
 8 SYSTEMPATH\CodeIgniter.php(368): CodeIgniter\CodeIgniter->handleRequest(null, Object(Config\Cache), false)
 9 FCPATH\index.php(67): CodeIgniter\CodeIgniter->run()
CRITICAL - 2023-05-26 21:23:07 --> Undefined array key 0
in APPPATH\Views\estructura\formulario.php on line 7.
 1 APPPATH\Views\estructura\formulario.php(7): CodeIgniter\Debug\Exceptions->errorHandler(2, 'Undefined array key 0', 'C:\\xampp\\htdocs\\cim4\\app\\Views\\estructura\\formulario.php', 7)
 2 SYSTEMPATH\View\View.php(213): include('C:\\xampp\\htdocs\\cim4\\app\\Views\\estructura\\formulario.php')
 3 SYSTEMPATH\View\View.php(216): CodeIgniter\View\View->CodeIgniter\View\{closure}()
 4 SYSTEMPATH\Common.php(1184): CodeIgniter\View\View->render('estructura/formulario', [], true)
 5 APPPATH\Controllers\Home.php(80): view('estructura/formulario', [...])
 6 SYSTEMPATH\CodeIgniter.php(934): App\Controllers\Home->editar()
 7 SYSTEMPATH\CodeIgniter.php(499): CodeIgniter\CodeIgniter->runController(Object(App\Controllers\Home))
 8 SYSTEMPATH\CodeIgniter.php(368): CodeIgniter\CodeIgniter->handleRequest(null, Object(Config\Cache), false)
 9 FCPATH\index.php(67): CodeIgniter\CodeIgniter->run()
CRITICAL - 2023-05-26 21:24:32 --> Undefined array key 0
in APPPATH\Views\estructura\formulario.php on line 7.
 1 APPPATH\Views\estructura\formulario.php(7): CodeIgniter\Debug\Exceptions->errorHandler(2, 'Undefined array key 0', 'C:\\xampp\\htdocs\\cim4\\app\\Views\\estructura\\formulario.php', 7)
 2 SYSTEMPATH\View\View.php(213): include('C:\\xampp\\htdocs\\cim4\\app\\Views\\estructura\\formulario.php')
 3 SYSTEMPATH\View\View.php(216): CodeIgniter\View\View->CodeIgniter\View\{closure}()
 4 SYSTEMPATH\Common.php(1184): CodeIgniter\View\View->render('estructura/formulario', [], true)
 5 APPPATH\Controllers\Home.php(80): view('estructura/formulario', [...])
 6 SYSTEMPATH\CodeIgniter.php(934): App\Controllers\Home->editar()
 7 SYSTEMPATH\CodeIgniter.php(499): CodeIgniter\CodeIgniter->runController(Object(App\Controllers\Home))
 8 SYSTEMPATH\CodeIgniter.php(368): CodeIgniter\CodeIgniter->handleRequest(null, Object(Config\Cache), false)
 9 FCPATH\index.php(67): CodeIgniter\CodeIgniter->run()
CRITICAL - 2023-05-26 21:25:07 --> Undefined array key 0
in APPPATH\Views\estructura\formulario.php on line 8.
 1 APPPATH\Views\estructura\formulario.php(8): CodeIgniter\Debug\Exceptions->errorHandler(2, 'Undefined array key 0', 'C:\\xampp\\htdocs\\cim4\\app\\Views\\estructura\\formulario.php', 8)
 2 SYSTEMPATH\View\View.php(213): include('C:\\xampp\\htdocs\\cim4\\app\\Views\\estructura\\formulario.php')
 3 SYSTEMPATH\View\View.php(216): CodeIgniter\View\View->CodeIgniter\View\{closure}()
 4 SYSTEMPATH\Common.php(1184): CodeIgniter\View\View->render('estructura/formulario', [], true)
 5 APPPATH\Controllers\Home.php(80): view('estructura/formulario', [...])
 6 SYSTEMPATH\CodeIgniter.php(934): App\Controllers\Home->editar()
 7 SYSTEMPATH\CodeIgniter.php(499): CodeIgniter\CodeIgniter->runController(Object(App\Controllers\Home))
 8 SYSTEMPATH\CodeIgniter.php(368): CodeIgniter\CodeIgniter->handleRequest(null, Object(Config\Cache), false)
 9 FCPATH\index.php(67): CodeIgniter\CodeIgniter->run()
CRITICAL - 2023-05-26 21:25:30 --> Undefined array key 0
in APPPATH\Views\estructura\formulario.php on line 9.
 1 APPPATH\Views\estructura\formulario.php(9): CodeIgniter\Debug\Exceptions->errorHandler(2, 'Undefined array key 0', 'C:\\xampp\\htdocs\\cim4\\app\\Views\\estructura\\formulario.php', 9)
 2 SYSTEMPATH\View\View.php(213): include('C:\\xampp\\htdocs\\cim4\\app\\Views\\estructura\\formulario.php')
 3 SYSTEMPATH\View\View.php(216): CodeIgniter\View\View->CodeIgniter\View\{closure}()
 4 SYSTEMPATH\Common.php(1184): CodeIgniter\View\View->render('estructura/formulario', [], true)
 5 APPPATH\Controllers\Home.php(80): view('estructura/formulario', [...])
 6 SYSTEMPATH\CodeIgniter.php(934): App\Controllers\Home->editar()
 7 SYSTEMPATH\CodeIgniter.php(499): CodeIgniter\CodeIgniter->runController(Object(App\Controllers\Home))
 8 SYSTEMPATH\CodeIgniter.php(368): CodeIgniter\CodeIgniter->handleRequest(null, Object(Config\Cache), false)
 9 FCPATH\index.php(67): CodeIgniter\CodeIgniter->run()
CRITICAL - 2023-05-26 21:25:33 --> Undefined array key 0
in APPPATH\Views\estructura\formulario.php on line 9.
 1 APPPATH\Views\estructura\formulario.php(9): CodeIgniter\Debug\Exceptions->errorHandler(2, 'Undefined array key 0', 'C:\\xampp\\htdocs\\cim4\\app\\Views\\estructura\\formulario.php', 9)
 2 SYSTEMPATH\View\View.php(213): include('C:\\xampp\\htdocs\\cim4\\app\\Views\\estructura\\formulario.php')
 3 SYSTEMPATH\View\View.php(216): CodeIgniter\View\View->CodeIgniter\View\{closure}()
 4 SYSTEMPATH\Common.php(1184): CodeIgniter\View\View->render('estructura/formulario', [], true)
 5 APPPATH\Controllers\Home.php(80): view('estructura/formulario', [...])
 6 SYSTEMPATH\CodeIgniter.php(934): App\Controllers\Home->editar()
 7 SYSTEMPATH\CodeIgniter.php(499): CodeIgniter\CodeIgniter->runController(Object(App\Controllers\Home))
 8 SYSTEMPATH\CodeIgniter.php(368): CodeIgniter\CodeIgniter->handleRequest(null, Object(Config\Cache), false)
 9 FCPATH\index.php(67): CodeIgniter\CodeIgniter->run()
CRITICAL - 2023-05-26 21:29:21 --> Undefined array key 0
in APPPATH\Views\estructura\formulario.php on line 8.
 1 APPPATH\Views\estructura\formulario.php(8): CodeIgniter\Debug\Exceptions->errorHandler(2, 'Undefined array key 0', 'C:\\xampp\\htdocs\\cim4\\app\\Views\\estructura\\formulario.php', 8)
 2 SYSTEMPATH\View\View.php(213): include('C:\\xampp\\htdocs\\cim4\\app\\Views\\estructura\\formulario.php')
 3 SYSTEMPATH\View\View.php(216): CodeIgniter\View\View->CodeIgniter\View\{closure}()
 4 SYSTEMPATH\Common.php(1184): CodeIgniter\View\View->render('estructura/formulario', [], true)
 5 APPPATH\Controllers\Home.php(80): view('estructura/formulario', [...])
 6 SYSTEMPATH\CodeIgniter.php(934): App\Controllers\Home->editar()
 7 SYSTEMPATH\CodeIgniter.php(499): CodeIgniter\CodeIgniter->runController(Object(App\Controllers\Home))
 8 SYSTEMPATH\CodeIgniter.php(368): CodeIgniter\CodeIgniter->handleRequest(null, Object(Config\Cache), false)
 9 FCPATH\index.php(67): CodeIgniter\CodeIgniter->run()
CRITICAL - 2023-05-26 21:30:55 --> Undefined array key 1000
in APPPATH\Views\estructura\formulario.php on line 8.
 1 APPPATH\Views\estructura\formulario.php(8): CodeIgniter\Debug\Exceptions->errorHandler(2, 'Undefined array key 1000', 'C:\\xampp\\htdocs\\cim4\\app\\Views\\estructura\\formulario.php', 8)
 2 SYSTEMPATH\View\View.php(213): include('C:\\xampp\\htdocs\\cim4\\app\\Views\\estructura\\formulario.php')
 3 SYSTEMPATH\View\View.php(216): CodeIgniter\View\View->CodeIgniter\View\{closure}()
 4 SYSTEMPATH\Common.php(1184): CodeIgniter\View\View->render('estructura/formulario', [], true)
 5 APPPATH\Controllers\Home.php(80): view('estructura/formulario', [...])
 6 SYSTEMPATH\CodeIgniter.php(934): App\Controllers\Home->editar()
 7 SYSTEMPATH\CodeIgniter.php(499): CodeIgniter\CodeIgniter->runController(Object(App\Controllers\Home))
 8 SYSTEMPATH\CodeIgniter.php(368): CodeIgniter\CodeIgniter->handleRequest(null, Object(Config\Cache), false)
 9 FCPATH\index.php(67): CodeIgniter\CodeIgniter->run()
CRITICAL - 2023-05-26 21:31:07 --> Undefined array key 1000
in APPPATH\Views\estructura\formulario.php on line 8.
 1 APPPATH\Views\estructura\formulario.php(8): CodeIgniter\Debug\Exceptions->errorHandler(2, 'Undefined array key 1000', 'C:\\xampp\\htdocs\\cim4\\app\\Views\\estructura\\formulario.php', 8)
 2 SYSTEMPATH\View\View.php(213): include('C:\\xampp\\htdocs\\cim4\\app\\Views\\estructura\\formulario.php')
 3 SYSTEMPATH\View\View.php(216): CodeIgniter\View\View->CodeIgniter\View\{closure}()
 4 SYSTEMPATH\Common.php(1184): CodeIgniter\View\View->render('estructura/formulario', [], true)
 5 APPPATH\Controllers\Home.php(80): view('estructura/formulario', [...])
 6 SYSTEMPATH\CodeIgniter.php(934): App\Controllers\Home->editar()
 7 SYSTEMPATH\CodeIgniter.php(499): CodeIgniter\CodeIgniter->runController(Object(App\Controllers\Home))
 8 SYSTEMPATH\CodeIgniter.php(368): CodeIgniter\CodeIgniter->handleRequest(null, Object(Config\Cache), false)
 9 FCPATH\index.php(67): CodeIgniter\CodeIgniter->run()
CRITICAL - 2023-05-26 21:31:22 --> Undefined array key 1000
in APPPATH\Views\estructura\formulario.php on line 8.
 1 APPPATH\Views\estructura\formulario.php(8): CodeIgniter\Debug\Exceptions->errorHandler(2, 'Undefined array key 1000', 'C:\\xampp\\htdocs\\cim4\\app\\Views\\estructura\\formulario.php', 8)
 2 SYSTEMPATH\View\View.php(213): include('C:\\xampp\\htdocs\\cim4\\app\\Views\\estructura\\formulario.php')
 3 SYSTEMPATH\View\View.php(216): CodeIgniter\View\View->CodeIgniter\View\{closure}()
 4 SYSTEMPATH\Common.php(1184): CodeIgniter\View\View->render('estructura/formulario', [], true)
 5 APPPATH\Controllers\Home.php(80): view('estructura/formulario', [...])
 6 SYSTEMPATH\CodeIgniter.php(934): App\Controllers\Home->editar()
 7 SYSTEMPATH\CodeIgniter.php(499): CodeIgniter\CodeIgniter->runController(Object(App\Controllers\Home))
 8 SYSTEMPATH\CodeIgniter.php(368): CodeIgniter\CodeIgniter->handleRequest(null, Object(Config\Cache), false)
 9 FCPATH\index.php(67): CodeIgniter\CodeIgniter->run()
CRITICAL - 2023-05-26 21:31:38 --> Undefined array key "Nombre del evento"
in APPPATH\Views\estructura\formulario.php on line 8.
 1 APPPATH\Views\estructura\formulario.php(8): CodeIgniter\Debug\Exceptions->errorHandler(2, 'Undefined array key "Nombre del evento"', 'C:\\xampp\\htdocs\\cim4\\app\\Views\\estructura\\formulario.php', 8)
 2 SYSTEMPATH\View\View.php(213): include('C:\\xampp\\htdocs\\cim4\\app\\Views\\estructura\\formulario.php')
 3 SYSTEMPATH\View\View.php(216): CodeIgniter\View\View->CodeIgniter\View\{closure}()
 4 SYSTEMPATH\Common.php(1184): CodeIgniter\View\View->render('estructura/formulario', [], true)
 5 APPPATH\Controllers\Home.php(80): view('estructura/formulario', [...])
 6 SYSTEMPATH\CodeIgniter.php(934): App\Controllers\Home->editar()
 7 SYSTEMPATH\CodeIgniter.php(499): CodeIgniter\CodeIgniter->runController(Object(App\Controllers\Home))
 8 SYSTEMPATH\CodeIgniter.php(368): CodeIgniter\CodeIgniter->handleRequest(null, Object(Config\Cache), false)
 9 FCPATH\index.php(67): CodeIgniter\CodeIgniter->run()
CRITICAL - 2023-05-26 21:32:03 --> Undefined array key "Id_usuario"
in APPPATH\Views\estructura\formulario.php on line 8.
 1 APPPATH\Views\estructura\formulario.php(8): CodeIgniter\Debug\Exceptions->errorHandler(2, 'Undefined array key "Id_usuario"', 'C:\\xampp\\htdocs\\cim4\\app\\Views\\estructura\\formulario.php', 8)
 2 SYSTEMPATH\View\View.php(213): include('C:\\xampp\\htdocs\\cim4\\app\\Views\\estructura\\formulario.php')
 3 SYSTEMPATH\View\View.php(216): CodeIgniter\View\View->CodeIgniter\View\{closure}()
 4 SYSTEMPATH\Common.php(1184): CodeIgniter\View\View->render('estructura/formulario', [], true)
 5 APPPATH\Controllers\Home.php(80): view('estructura/formulario', [...])
 6 SYSTEMPATH\CodeIgniter.php(934): App\Controllers\Home->editar()
 7 SYSTEMPATH\CodeIgniter.php(499): CodeIgniter\CodeIgniter->runController(Object(App\Controllers\Home))
 8 SYSTEMPATH\CodeIgniter.php(368): CodeIgniter\CodeIgniter->handleRequest(null, Object(Config\Cache), false)
 9 FCPATH\index.php(67): CodeIgniter\CodeIgniter->run()
CRITICAL - 2023-05-26 21:32:05 --> Undefined array key "Id_usuario"
in APPPATH\Views\estructura\formulario.php on line 8.
 1 APPPATH\Views\estructura\formulario.php(8): CodeIgniter\Debug\Exceptions->errorHandler(2, 'Undefined array key "Id_usuario"', 'C:\\xampp\\htdocs\\cim4\\app\\Views\\estructura\\formulario.php', 8)
 2 SYSTEMPATH\View\View.php(213): include('C:\\xampp\\htdocs\\cim4\\app\\Views\\estructura\\formulario.php')
 3 SYSTEMPATH\View\View.php(216): CodeIgniter\View\View->CodeIgniter\View\{closure}()
 4 SYSTEMPATH\Common.php(1184): CodeIgniter\View\View->render('estructura/formulario', [], true)
 5 APPPATH\Controllers\Home.php(80): view('estructura/formulario', [...])
 6 SYSTEMPATH\CodeIgniter.php(934): App\Controllers\Home->editar()
 7 SYSTEMPATH\CodeIgniter.php(499): CodeIgniter\CodeIgniter->runController(Object(App\Controllers\Home))
 8 SYSTEMPATH\CodeIgniter.php(368): CodeIgniter\CodeIgniter->handleRequest(null, Object(Config\Cache), false)
 9 FCPATH\index.php(67): CodeIgniter\CodeIgniter->run()
CRITICAL - 2023-05-26 21:32:12 --> Undefined array key "id"
in APPPATH\Views\estructura\formulario.php on line 8.
 1 APPPATH\Views\estructura\formulario.php(8): CodeIgniter\Debug\Exceptions->errorHandler(2, 'Undefined array key "id"', 'C:\\xampp\\htdocs\\cim4\\app\\Views\\estructura\\formulario.php', 8)
 2 SYSTEMPATH\View\View.php(213): include('C:\\xampp\\htdocs\\cim4\\app\\Views\\estructura\\formulario.php')
 3 SYSTEMPATH\View\View.php(216): CodeIgniter\View\View->CodeIgniter\View\{closure}()
 4 SYSTEMPATH\Common.php(1184): CodeIgniter\View\View->render('estructura/formulario', [], true)
 5 APPPATH\Controllers\Home.php(80): view('estructura/formulario', [...])
 6 SYSTEMPATH\CodeIgniter.php(934): App\Controllers\Home->editar()
 7 SYSTEMPATH\CodeIgniter.php(499): CodeIgniter\CodeIgniter->runController(Object(App\Controllers\Home))
 8 SYSTEMPATH\CodeIgniter.php(368): CodeIgniter\CodeIgniter->handleRequest(null, Object(Config\Cache), false)
 9 FCPATH\index.php(67): CodeIgniter\CodeIgniter->run()
CRITICAL - 2023-05-26 21:32:12 --> Undefined array key "id"
in APPPATH\Views\estructura\formulario.php on line 8.
 1 APPPATH\Views\estructura\formulario.php(8): CodeIgniter\Debug\Exceptions->errorHandler(2, 'Undefined array key "id"', 'C:\\xampp\\htdocs\\cim4\\app\\Views\\estructura\\formulario.php', 8)
 2 SYSTEMPATH\View\View.php(213): include('C:\\xampp\\htdocs\\cim4\\app\\Views\\estructura\\formulario.php')
 3 SYSTEMPATH\View\View.php(216): CodeIgniter\View\View->CodeIgniter\View\{closure}()
 4 SYSTEMPATH\Common.php(1184): CodeIgniter\View\View->render('estructura/formulario', [], true)
 5 APPPATH\Controllers\Home.php(80): view('estructura/formulario', [...])
 6 SYSTEMPATH\CodeIgniter.php(934): App\Controllers\Home->editar()
 7 SYSTEMPATH\CodeIgniter.php(499): CodeIgniter\CodeIgniter->runController(Object(App\Controllers\Home))
 8 SYSTEMPATH\CodeIgniter.php(368): CodeIgniter\CodeIgniter->handleRequest(null, Object(Config\Cache), false)
 9 FCPATH\index.php(67): CodeIgniter\CodeIgniter->run()
CRITICAL - 2023-05-26 21:32:13 --> Undefined array key "id"
in APPPATH\Views\estructura\formulario.php on line 8.
 1 APPPATH\Views\estructura\formulario.php(8): CodeIgniter\Debug\Exceptions->errorHandler(2, 'Undefined array key "id"', 'C:\\xampp\\htdocs\\cim4\\app\\Views\\estructura\\formulario.php', 8)
 2 SYSTEMPATH\View\View.php(213): include('C:\\xampp\\htdocs\\cim4\\app\\Views\\estructura\\formulario.php')
 3 SYSTEMPATH\View\View.php(216): CodeIgniter\View\View->CodeIgniter\View\{closure}()
 4 SYSTEMPATH\Common.php(1184): CodeIgniter\View\View->render('estructura/formulario', [], true)
 5 APPPATH\Controllers\Home.php(80): view('estructura/formulario', [...])
 6 SYSTEMPATH\CodeIgniter.php(934): App\Controllers\Home->editar()
 7 SYSTEMPATH\CodeIgniter.php(499): CodeIgniter\CodeIgniter->runController(Object(App\Controllers\Home))
 8 SYSTEMPATH\CodeIgniter.php(368): CodeIgniter\CodeIgniter->handleRequest(null, Object(Config\Cache), false)
 9 FCPATH\index.php(67): CodeIgniter\CodeIgniter->run()
CRITICAL - 2023-05-26 21:32:13 --> Undefined array key "id"
in APPPATH\Views\estructura\formulario.php on line 8.
 1 APPPATH\Views\estructura\formulario.php(8): CodeIgniter\Debug\Exceptions->errorHandler(2, 'Undefined array key "id"', 'C:\\xampp\\htdocs\\cim4\\app\\Views\\estructura\\formulario.php', 8)
 2 SYSTEMPATH\View\View.php(213): include('C:\\xampp\\htdocs\\cim4\\app\\Views\\estructura\\formulario.php')
 3 SYSTEMPATH\View\View.php(216): CodeIgniter\View\View->CodeIgniter\View\{closure}()
 4 SYSTEMPATH\Common.php(1184): CodeIgniter\View\View->render('estructura/formulario', [], true)
 5 APPPATH\Controllers\Home.php(80): view('estructura/formulario', [...])
 6 SYSTEMPATH\CodeIgniter.php(934): App\Controllers\Home->editar()
 7 SYSTEMPATH\CodeIgniter.php(499): CodeIgniter\CodeIgniter->runController(Object(App\Controllers\Home))
 8 SYSTEMPATH\CodeIgniter.php(368): CodeIgniter\CodeIgniter->handleRequest(null, Object(Config\Cache), false)
 9 FCPATH\index.php(67): CodeIgniter\CodeIgniter->run()
CRITICAL - 2023-05-26 21:33:22 --> Undefined array key "id"
in APPPATH\Views\estructura\formulario.php on line 8.
 1 APPPATH\Views\estructura\formulario.php(8): CodeIgniter\Debug\Exceptions->errorHandler(2, 'Undefined array key "id"', 'C:\\xampp\\htdocs\\cim4\\app\\Views\\estructura\\formulario.php', 8)
 2 SYSTEMPATH\View\View.php(213): include('C:\\xampp\\htdocs\\cim4\\app\\Views\\estructura\\formulario.php')
 3 SYSTEMPATH\View\View.php(216): CodeIgniter\View\View->CodeIgniter\View\{closure}()
 4 SYSTEMPATH\Common.php(1184): CodeIgniter\View\View->render('estructura/formulario', [], true)
 5 APPPATH\Controllers\Home.php(80): view('estructura/formulario', [...])
 6 SYSTEMPATH\CodeIgniter.php(934): App\Controllers\Home->editar()
 7 SYSTEMPATH\CodeIgniter.php(499): CodeIgniter\CodeIgniter->runController(Object(App\Controllers\Home))
 8 SYSTEMPATH\CodeIgniter.php(368): CodeIgniter\CodeIgniter->handleRequest(null, Object(Config\Cache), false)
 9 FCPATH\index.php(67): CodeIgniter\CodeIgniter->run()
CRITICAL - 2023-05-26 21:33:23 --> Undefined array key "id"
in APPPATH\Views\estructura\formulario.php on line 8.
 1 APPPATH\Views\estructura\formulario.php(8): CodeIgniter\Debug\Exceptions->errorHandler(2, 'Undefined array key "id"', 'C:\\xampp\\htdocs\\cim4\\app\\Views\\estructura\\formulario.php', 8)
 2 SYSTEMPATH\View\View.php(213): include('C:\\xampp\\htdocs\\cim4\\app\\Views\\estructura\\formulario.php')
 3 SYSTEMPATH\View\View.php(216): CodeIgniter\View\View->CodeIgniter\View\{closure}()
 4 SYSTEMPATH\Common.php(1184): CodeIgniter\View\View->render('estructura/formulario', [], true)
 5 APPPATH\Controllers\Home.php(80): view('estructura/formulario', [...])
 6 SYSTEMPATH\CodeIgniter.php(934): App\Controllers\Home->editar()
 7 SYSTEMPATH\CodeIgniter.php(499): CodeIgniter\CodeIgniter->runController(Object(App\Controllers\Home))
 8 SYSTEMPATH\CodeIgniter.php(368): CodeIgniter\CodeIgniter->handleRequest(null, Object(Config\Cache), false)
 9 FCPATH\index.php(67): CodeIgniter\CodeIgniter->run()
CRITICAL - 2023-05-26 21:33:23 --> Undefined array key "id"
in APPPATH\Views\estructura\formulario.php on line 8.
 1 APPPATH\Views\estructura\formulario.php(8): CodeIgniter\Debug\Exceptions->errorHandler(2, 'Undefined array key "id"', 'C:\\xampp\\htdocs\\cim4\\app\\Views\\estructura\\formulario.php', 8)
 2 SYSTEMPATH\View\View.php(213): include('C:\\xampp\\htdocs\\cim4\\app\\Views\\estructura\\formulario.php')
 3 SYSTEMPATH\View\View.php(216): CodeIgniter\View\View->CodeIgniter\View\{closure}()
 4 SYSTEMPATH\Common.php(1184): CodeIgniter\View\View->render('estructura/formulario', [], true)
 5 APPPATH\Controllers\Home.php(80): view('estructura/formulario', [...])
 6 SYSTEMPATH\CodeIgniter.php(934): App\Controllers\Home->editar()
 7 SYSTEMPATH\CodeIgniter.php(499): CodeIgniter\CodeIgniter->runController(Object(App\Controllers\Home))
 8 SYSTEMPATH\CodeIgniter.php(368): CodeIgniter\CodeIgniter->handleRequest(null, Object(Config\Cache), false)
 9 FCPATH\index.php(67): CodeIgniter\CodeIgniter->run()
CRITICAL - 2023-05-26 21:33:23 --> Undefined array key "id"
in APPPATH\Views\estructura\formulario.php on line 8.
 1 APPPATH\Views\estructura\formulario.php(8): CodeIgniter\Debug\Exceptions->errorHandler(2, 'Undefined array key "id"', 'C:\\xampp\\htdocs\\cim4\\app\\Views\\estructura\\formulario.php', 8)
 2 SYSTEMPATH\View\View.php(213): include('C:\\xampp\\htdocs\\cim4\\app\\Views\\estructura\\formulario.php')
 3 SYSTEMPATH\View\View.php(216): CodeIgniter\View\View->CodeIgniter\View\{closure}()
 4 SYSTEMPATH\Common.php(1184): CodeIgniter\View\View->render('estructura/formulario', [], true)
 5 APPPATH\Controllers\Home.php(80): view('estructura/formulario', [...])
 6 SYSTEMPATH\CodeIgniter.php(934): App\Controllers\Home->editar()
 7 SYSTEMPATH\CodeIgniter.php(499): CodeIgniter\CodeIgniter->runController(Object(App\Controllers\Home))
 8 SYSTEMPATH\CodeIgniter.php(368): CodeIgniter\CodeIgniter->handleRequest(null, Object(Config\Cache), false)
 9 FCPATH\index.php(67): CodeIgniter\CodeIgniter->run()
CRITICAL - 2023-05-26 21:33:27 --> Undefined array key "id"
in APPPATH\Views\estructura\formulario.php on line 8.
 1 APPPATH\Views\estructura\formulario.php(8): CodeIgniter\Debug\Exceptions->errorHandler(2, 'Undefined array key "id"', 'C:\\xampp\\htdocs\\cim4\\app\\Views\\estructura\\formulario.php', 8)
 2 SYSTEMPATH\View\View.php(213): include('C:\\xampp\\htdocs\\cim4\\app\\Views\\estructura\\formulario.php')
 3 SYSTEMPATH\View\View.php(216): CodeIgniter\View\View->CodeIgniter\View\{closure}()
 4 SYSTEMPATH\Common.php(1184): CodeIgniter\View\View->render('estructura/formulario', [], true)
 5 APPPATH\Controllers\Home.php(80): view('estructura/formulario', [...])
 6 SYSTEMPATH\CodeIgniter.php(934): App\Controllers\Home->editar()
 7 SYSTEMPATH\CodeIgniter.php(499): CodeIgniter\CodeIgniter->runController(Object(App\Controllers\Home))
 8 SYSTEMPATH\CodeIgniter.php(368): CodeIgniter\CodeIgniter->handleRequest(null, Object(Config\Cache), false)
 9 FCPATH\index.php(67): CodeIgniter\CodeIgniter->run()
CRITICAL - 2023-05-26 21:33:41 --> Cannot use [] for reading
in APPPATH\Views\estructura\formulario.php on line 8.
 1 [internal function]: CodeIgniter\Debug\Exceptions->shutdownHandler()
CRITICAL - 2023-05-26 21:33:52 --> Undefined array key "id"
in APPPATH\Views\estructura\formulario.php on line 8.
 1 APPPATH\Views\estructura\formulario.php(8): CodeIgniter\Debug\Exceptions->errorHandler(2, 'Undefined array key "id"', 'C:\\xampp\\htdocs\\cim4\\app\\Views\\estructura\\formulario.php', 8)
 2 SYSTEMPATH\View\View.php(213): include('C:\\xampp\\htdocs\\cim4\\app\\Views\\estructura\\formulario.php')
 3 SYSTEMPATH\View\View.php(216): CodeIgniter\View\View->CodeIgniter\View\{closure}()
 4 SYSTEMPATH\Common.php(1184): CodeIgniter\View\View->render('estructura/formulario', [], true)
 5 APPPATH\Controllers\Home.php(80): view('estructura/formulario', [...])
 6 SYSTEMPATH\CodeIgniter.php(934): App\Controllers\Home->editar()
 7 SYSTEMPATH\CodeIgniter.php(499): CodeIgniter\CodeIgniter->runController(Object(App\Controllers\Home))
 8 SYSTEMPATH\CodeIgniter.php(368): CodeIgniter\CodeIgniter->handleRequest(null, Object(Config\Cache), false)
 9 FCPATH\index.php(67): CodeIgniter\CodeIgniter->run()
CRITICAL - 2023-05-26 21:33:59 --> Undefined array key "Id_usuario"
in APPPATH\Views\estructura\formulario.php on line 8.
 1 APPPATH\Views\estructura\formulario.php(8): CodeIgniter\Debug\Exceptions->errorHandler(2, 'Undefined array key "Id_usuario"', 'C:\\xampp\\htdocs\\cim4\\app\\Views\\estructura\\formulario.php', 8)
 2 SYSTEMPATH\View\View.php(213): include('C:\\xampp\\htdocs\\cim4\\app\\Views\\estructura\\formulario.php')
 3 SYSTEMPATH\View\View.php(216): CodeIgniter\View\View->CodeIgniter\View\{closure}()
 4 SYSTEMPATH\Common.php(1184): CodeIgniter\View\View->render('estructura/formulario', [], true)
 5 APPPATH\Controllers\Home.php(80): view('estructura/formulario', [...])
 6 SYSTEMPATH\CodeIgniter.php(934): App\Controllers\Home->editar()
 7 SYSTEMPATH\CodeIgniter.php(499): CodeIgniter\CodeIgniter->runController(Object(App\Controllers\Home))
 8 SYSTEMPATH\CodeIgniter.php(368): CodeIgniter\CodeIgniter->handleRequest(null, Object(Config\Cache), false)
 9 FCPATH\index.php(67): CodeIgniter\CodeIgniter->run()
CRITICAL - 2023-05-26 21:35:13 --> Undefined array key 1
in APPPATH\Views\estructura\formulario.php on line 8.
 1 APPPATH\Views\estructura\formulario.php(8): CodeIgniter\Debug\Exceptions->errorHandler(2, 'Undefined array key 1', 'C:\\xampp\\htdocs\\cim4\\app\\Views\\estructura\\formulario.php', 8)
 2 SYSTEMPATH\View\View.php(213): include('C:\\xampp\\htdocs\\cim4\\app\\Views\\estructura\\formulario.php')
 3 SYSTEMPATH\View\View.php(216): CodeIgniter\View\View->CodeIgniter\View\{closure}()
 4 SYSTEMPATH\Common.php(1184): CodeIgniter\View\View->render('estructura/formulario', [], true)
 5 APPPATH\Controllers\Home.php(80): view('estructura/formulario', [...])
 6 SYSTEMPATH\CodeIgniter.php(934): App\Controllers\Home->editar()
 7 SYSTEMPATH\CodeIgniter.php(499): CodeIgniter\CodeIgniter->runController(Object(App\Controllers\Home))
 8 SYSTEMPATH\CodeIgniter.php(368): CodeIgniter\CodeIgniter->handleRequest(null, Object(Config\Cache), false)
 9 FCPATH\index.php(67): CodeIgniter\CodeIgniter->run()
CRITICAL - 2023-05-26 21:35:40 --> Undefined array key 1
in APPPATH\Views\estructura\formulario.php on line 8.
 1 APPPATH\Views\estructura\formulario.php(8): CodeIgniter\Debug\Exceptions->errorHandler(2, 'Undefined array key 1', 'C:\\xampp\\htdocs\\cim4\\app\\Views\\estructura\\formulario.php', 8)
 2 SYSTEMPATH\View\View.php(213): include('C:\\xampp\\htdocs\\cim4\\app\\Views\\estructura\\formulario.php')
 3 SYSTEMPATH\View\View.php(216): CodeIgniter\View\View->CodeIgniter\View\{closure}()
 4 SYSTEMPATH\Common.php(1184): CodeIgniter\View\View->render('estructura/formulario', [], true)
 5 APPPATH\Controllers\Home.php(80): view('estructura/formulario', [...])
 6 SYSTEMPATH\CodeIgniter.php(934): App\Controllers\Home->editar()
 7 SYSTEMPATH\CodeIgniter.php(499): CodeIgniter\CodeIgniter->runController(Object(App\Controllers\Home))
 8 SYSTEMPATH\CodeIgniter.php(368): CodeIgniter\CodeIgniter->handleRequest(null, Object(Config\Cache), false)
 9 FCPATH\index.php(67): CodeIgniter\CodeIgniter->run()
CRITICAL - 2023-05-26 21:36:39 --> Undefined array key 1
in APPPATH\Views\estructura\formulario.php on line 8.
 1 APPPATH\Views\estructura\formulario.php(8): CodeIgniter\Debug\Exceptions->errorHandler(2, 'Undefined array key 1', 'C:\\xampp\\htdocs\\cim4\\app\\Views\\estructura\\formulario.php', 8)
 2 SYSTEMPATH\View\View.php(213): include('C:\\xampp\\htdocs\\cim4\\app\\Views\\estructura\\formulario.php')
 3 SYSTEMPATH\View\View.php(216): CodeIgniter\View\View->CodeIgniter\View\{closure}()
 4 SYSTEMPATH\Common.php(1184): CodeIgniter\View\View->render('estructura/formulario', [], true)
 5 APPPATH\Controllers\Home.php(80): view('estructura/formulario', [...])
 6 SYSTEMPATH\CodeIgniter.php(934): App\Controllers\Home->editar()
 7 SYSTEMPATH\CodeIgniter.php(499): CodeIgniter\CodeIgniter->runController(Object(App\Controllers\Home))
 8 SYSTEMPATH\CodeIgniter.php(368): CodeIgniter\CodeIgniter->handleRequest(null, Object(Config\Cache), false)
 9 FCPATH\index.php(67): CodeIgniter\CodeIgniter->run()
CRITICAL - 2023-05-26 21:37:00 --> Undefined variable $user
in APPPATH\Views\estructura\formulario.php on line 8.
 1 APPPATH\Views\estructura\formulario.php(8): CodeIgniter\Debug\Exceptions->errorHandler(2, 'Undefined variable $user', 'C:\\xampp\\htdocs\\cim4\\app\\Views\\estructura\\formulario.php', 8)
 2 SYSTEMPATH\View\View.php(213): include('C:\\xampp\\htdocs\\cim4\\app\\Views\\estructura\\formulario.php')
 3 SYSTEMPATH\View\View.php(216): CodeIgniter\View\View->CodeIgniter\View\{closure}()
 4 SYSTEMPATH\Common.php(1184): CodeIgniter\View\View->render('estructura/formulario', [], true)
 5 APPPATH\Controllers\Home.php(80): view('estructura/formulario', [...])
 6 SYSTEMPATH\CodeIgniter.php(934): App\Controllers\Home->editar()
 7 SYSTEMPATH\CodeIgniter.php(499): CodeIgniter\CodeIgniter->runController(Object(App\Controllers\Home))
 8 SYSTEMPATH\CodeIgniter.php(368): CodeIgniter\CodeIgniter->handleRequest(null, Object(Config\Cache), false)
 9 FCPATH\index.php(67): CodeIgniter\CodeIgniter->run()
CRITICAL - 2023-05-26 21:37:02 --> Undefined variable $user
in APPPATH\Views\estructura\formulario.php on line 8.
 1 APPPATH\Views\estructura\formulario.php(8): CodeIgniter\Debug\Exceptions->errorHandler(2, 'Undefined variable $user', 'C:\\xampp\\htdocs\\cim4\\app\\Views\\estructura\\formulario.php', 8)
 2 SYSTEMPATH\View\View.php(213): include('C:\\xampp\\htdocs\\cim4\\app\\Views\\estructura\\formulario.php')
 3 SYSTEMPATH\View\View.php(216): CodeIgniter\View\View->CodeIgniter\View\{closure}()
 4 SYSTEMPATH\Common.php(1184): CodeIgniter\View\View->render('estructura/formulario', [], true)
 5 APPPATH\Controllers\Home.php(80): view('estructura/formulario', [...])
 6 SYSTEMPATH\CodeIgniter.php(934): App\Controllers\Home->editar()
 7 SYSTEMPATH\CodeIgniter.php(499): CodeIgniter\CodeIgniter->runController(Object(App\Controllers\Home))
 8 SYSTEMPATH\CodeIgniter.php(368): CodeIgniter\CodeIgniter->handleRequest(null, Object(Config\Cache), false)
 9 FCPATH\index.php(67): CodeIgniter\CodeIgniter->run()
