CRITICAL - 2023-05-04 20:18:17 --> view(): Argument #2 ($data) must be of type array, null given, called in C:\xampp\htdocs\cim4\app\Controllers\Home.php on line 13
in SYSTEMPATH\Common.php on line 1172.
 1 APPPATH\Controllers\Home.php(13): view('estructura/body', null)
 2 SYSTEMPATH\CodeIgniter.php(934): App\Controllers\Home->index()
 3 SYSTEMPATH\CodeIgniter.php(499): CodeIgniter\CodeIgniter->runController(Object(App\Controllers\Home))
 4 SYSTEMPATH\CodeIgniter.php(368): CodeIgniter\CodeIgniter->handleRequest(null, Object(Config\Cache), false)
 5 FCPATH\index.php(67): CodeIgniter\CodeIgniter->run()
CRITICAL - 2023-05-04 20:18:26 --> view(): Argument #2 ($data) must be of type array, null given, called in C:\xampp\htdocs\cim4\app\Controllers\Home.php on line 13
in SYSTEMPATH\Common.php on line 1172.
 1 APPPATH\Controllers\Home.php(13): view('estructura/body', null)
 2 SYSTEMPATH\CodeIgniter.php(934): App\Controllers\Home->index()
 3 SYSTEMPATH\CodeIgniter.php(499): CodeIgniter\CodeIgniter->runController(Object(App\Controllers\Home))
 4 SYSTEMPATH\CodeIgniter.php(368): CodeIgniter\CodeIgniter->handleRequest(null, Object(Config\Cache), false)
 5 FCPATH\index.php(67): CodeIgniter\CodeIgniter->run()
CRITICAL - 2023-05-04 20:21:42 --> syntax error, unexpected token "}", expecting ";"
in APPPATH\Controllers\Home.php on line 15.
 1 SYSTEMPATH\Autoloader\Autoloader.php(289): CodeIgniter\Autoloader\Autoloader->includeFile('C:\\xampp\\htdocs\\cim4\\app\\Controllers\\Home.php')
 2 SYSTEMPATH\Autoloader\Autoloader.php(267): CodeIgniter\Autoloader\Autoloader->loadInNamespace('App\\Controllers\\Home')
 3 [internal function]: CodeIgniter\Autoloader\Autoloader->loadClass('App\\Controllers\\Home')
 4 SYSTEMPATH\CodeIgniter.php(892): class_exists('\\App\\Controllers\\Home', true)
 5 SYSTEMPATH\CodeIgniter.php(486): CodeIgniter\CodeIgniter->startController()
 6 SYSTEMPATH\CodeIgniter.php(368): CodeIgniter\CodeIgniter->handleRequest(null, Object(Config\Cache), false)
 7 FCPATH\index.php(67): CodeIgniter\CodeIgniter->run()
CRITICAL - 2023-05-04 20:21:53 --> Undefined variable $db
in APPPATH\Controllers\Home.php on line 10.
 1 APPPATH\Controllers\Home.php(10): CodeIgniter\Debug\Exceptions->errorHandler(2, 'Undefined variable $db', 'C:\\xampp\\htdocs\\cim4\\app\\Controllers\\Home.php', 10)
 2 SYSTEMPATH\CodeIgniter.php(934): App\Controllers\Home->index()
 3 SYSTEMPATH\CodeIgniter.php(499): CodeIgniter\CodeIgniter->runController(Object(App\Controllers\Home))
 4 SYSTEMPATH\CodeIgniter.php(368): CodeIgniter\CodeIgniter->handleRequest(null, Object(Config\Cache), false)
 5 FCPATH\index.php(67): CodeIgniter\CodeIgniter->run()
CRITICAL - 2023-05-04 20:22:04 --> view(): Argument #2 ($data) must be of type array, null given, called in C:\xampp\htdocs\cim4\app\Controllers\Home.php on line 15
in SYSTEMPATH\Common.php on line 1172.
 1 APPPATH\Controllers\Home.php(15): view('estructura/body', null)
 2 SYSTEMPATH\CodeIgniter.php(934): App\Controllers\Home->index()
 3 SYSTEMPATH\CodeIgniter.php(499): CodeIgniter\CodeIgniter->runController(Object(App\Controllers\Home))
 4 SYSTEMPATH\CodeIgniter.php(368): CodeIgniter\CodeIgniter->handleRequest(null, Object(Config\Cache), false)
 5 FCPATH\index.php(67): CodeIgniter\CodeIgniter->run()
CRITICAL - 2023-05-04 20:23:41 --> view(): Argument #2 ($data) must be of type array, null given, called in C:\xampp\htdocs\cim4\app\Controllers\Home.php on line 15
in SYSTEMPATH\Common.php on line 1172.
 1 APPPATH\Controllers\Home.php(15): view('estructura/body', null)
 2 SYSTEMPATH\CodeIgniter.php(934): App\Controllers\Home->index()
 3 SYSTEMPATH\CodeIgniter.php(499): CodeIgniter\CodeIgniter->runController(Object(App\Controllers\Home))
 4 SYSTEMPATH\CodeIgniter.php(368): CodeIgniter\CodeIgniter->handleRequest(null, Object(Config\Cache), false)
 5 FCPATH\index.php(67): CodeIgniter\CodeIgniter->run()
CRITICAL - 2023-05-04 20:27:33 --> Undefined variable $Nombre_evento
in APPPATH\Views\estructura\body.php on line 2.
 1 APPPATH\Views\estructura\body.php(2): CodeIgniter\Debug\Exceptions->errorHandler(2, 'Undefined variable $Nombre_evento', 'C:\\xampp\\htdocs\\cim4\\app\\Views\\estructura\\body.php', 2)
 2 SYSTEMPATH\View\View.php(213): include('C:\\xampp\\htdocs\\cim4\\app\\Views\\estructura\\body.php')
 3 SYSTEMPATH\View\View.php(216): CodeIgniter\View\View->CodeIgniter\View\{closure}()
 4 SYSTEMPATH\Common.php(1184): CodeIgniter\View\View->render('estructura/body', [], true)
 5 APPPATH\Controllers\Home.php(15): view('estructura/body')
 6 SYSTEMPATH\CodeIgniter.php(934): App\Controllers\Home->index()
 7 SYSTEMPATH\CodeIgniter.php(499): CodeIgniter\CodeIgniter->runController(Object(App\Controllers\Home))
 8 SYSTEMPATH\CodeIgniter.php(368): CodeIgniter\CodeIgniter->handleRequest(null, Object(Config\Cache), false)
 9 FCPATH\index.php(67): CodeIgniter\CodeIgniter->run()
CRITICAL - 2023-05-04 20:28:18 --> Undefined variable $Nombre_evento
in APPPATH\Views\estructura\body.php on line 2.
 1 APPPATH\Views\estructura\body.php(2): CodeIgniter\Debug\Exceptions->errorHandler(2, 'Undefined variable $Nombre_evento', 'C:\\xampp\\htdocs\\cim4\\app\\Views\\estructura\\body.php', 2)
 2 SYSTEMPATH\View\View.php(213): include('C:\\xampp\\htdocs\\cim4\\app\\Views\\estructura\\body.php')
 3 SYSTEMPATH\View\View.php(216): CodeIgniter\View\View->CodeIgniter\View\{closure}()
 4 SYSTEMPATH\Common.php(1184): CodeIgniter\View\View->render('estructura/body', [], true)
 5 APPPATH\Controllers\Home.php(15): view('estructura/body')
 6 SYSTEMPATH\CodeIgniter.php(934): App\Controllers\Home->index()
 7 SYSTEMPATH\CodeIgniter.php(499): CodeIgniter\CodeIgniter->runController(Object(App\Controllers\Home))
 8 SYSTEMPATH\CodeIgniter.php(368): CodeIgniter\CodeIgniter->handleRequest(null, Object(Config\Cache), false)
 9 FCPATH\index.php(67): CodeIgniter\CodeIgniter->run()
CRITICAL - 2023-05-04 20:28:19 --> Undefined variable $Nombre_evento
in APPPATH\Views\estructura\body.php on line 2.
 1 APPPATH\Views\estructura\body.php(2): CodeIgniter\Debug\Exceptions->errorHandler(2, 'Undefined variable $Nombre_evento', 'C:\\xampp\\htdocs\\cim4\\app\\Views\\estructura\\body.php', 2)
 2 SYSTEMPATH\View\View.php(213): include('C:\\xampp\\htdocs\\cim4\\app\\Views\\estructura\\body.php')
 3 SYSTEMPATH\View\View.php(216): CodeIgniter\View\View->CodeIgniter\View\{closure}()
 4 SYSTEMPATH\Common.php(1184): CodeIgniter\View\View->render('estructura/body', [], true)
 5 APPPATH\Controllers\Home.php(15): view('estructura/body')
 6 SYSTEMPATH\CodeIgniter.php(934): App\Controllers\Home->index()
 7 SYSTEMPATH\CodeIgniter.php(499): CodeIgniter\CodeIgniter->runController(Object(App\Controllers\Home))
 8 SYSTEMPATH\CodeIgniter.php(368): CodeIgniter\CodeIgniter->handleRequest(null, Object(Config\Cache), false)
 9 FCPATH\index.php(67): CodeIgniter\CodeIgniter->run()
CRITICAL - 2023-05-04 20:29:38 --> Undefined variable $name
in APPPATH\Views\estructura\body.php on line 2.
 1 APPPATH\Views\estructura\body.php(2): CodeIgniter\Debug\Exceptions->errorHandler(2, 'Undefined variable $name', 'C:\\xampp\\htdocs\\cim4\\app\\Views\\estructura\\body.php', 2)
 2 SYSTEMPATH\View\View.php(213): include('C:\\xampp\\htdocs\\cim4\\app\\Views\\estructura\\body.php')
 3 SYSTEMPATH\View\View.php(216): CodeIgniter\View\View->CodeIgniter\View\{closure}()
 4 SYSTEMPATH\Common.php(1184): CodeIgniter\View\View->render('estructura/body', [], true)
 5 APPPATH\Controllers\Home.php(15): view('estructura/body')
 6 SYSTEMPATH\CodeIgniter.php(934): App\Controllers\Home->index()
 7 SYSTEMPATH\CodeIgniter.php(499): CodeIgniter\CodeIgniter->runController(Object(App\Controllers\Home))
 8 SYSTEMPATH\CodeIgniter.php(368): CodeIgniter\CodeIgniter->handleRequest(null, Object(Config\Cache), false)
 9 FCPATH\index.php(67): CodeIgniter\CodeIgniter->run()
CRITICAL - 2023-05-04 20:29:39 --> Undefined variable $name
in APPPATH\Views\estructura\body.php on line 2.
 1 APPPATH\Views\estructura\body.php(2): CodeIgniter\Debug\Exceptions->errorHandler(2, 'Undefined variable $name', 'C:\\xampp\\htdocs\\cim4\\app\\Views\\estructura\\body.php', 2)
 2 SYSTEMPATH\View\View.php(213): include('C:\\xampp\\htdocs\\cim4\\app\\Views\\estructura\\body.php')
 3 SYSTEMPATH\View\View.php(216): CodeIgniter\View\View->CodeIgniter\View\{closure}()
 4 SYSTEMPATH\Common.php(1184): CodeIgniter\View\View->render('estructura/body', [], true)
 5 APPPATH\Controllers\Home.php(15): view('estructura/body')
 6 SYSTEMPATH\CodeIgniter.php(934): App\Controllers\Home->index()
 7 SYSTEMPATH\CodeIgniter.php(499): CodeIgniter\CodeIgniter->runController(Object(App\Controllers\Home))
 8 SYSTEMPATH\CodeIgniter.php(368): CodeIgniter\CodeIgniter->handleRequest(null, Object(Config\Cache), false)
 9 FCPATH\index.php(67): CodeIgniter\CodeIgniter->run()
CRITICAL - 2023-05-04 20:36:23 --> default is not a valid database connection group.
in SYSTEMPATH\Database\Config.php on line 70.
 1 APPPATH\Controllers\Home.php(11): CodeIgniter\Database\Config::connect()
 2 SYSTEMPATH\CodeIgniter.php(934): App\Controllers\Home->index()
 3 SYSTEMPATH\CodeIgniter.php(499): CodeIgniter\CodeIgniter->runController(Object(App\Controllers\Home))
 4 SYSTEMPATH\CodeIgniter.php(368): CodeIgniter\CodeIgniter->handleRequest(null, Object(Config\Cache), false)
 5 FCPATH\index.php(67): CodeIgniter\CodeIgniter->run()
CRITICAL - 2023-05-04 20:36:40 --> Undefined variable $Nombre_evento
in APPPATH\Views\estructura\body.php on line 2.
 1 APPPATH\Views\estructura\body.php(2): CodeIgniter\Debug\Exceptions->errorHandler(2, 'Undefined variable $Nombre_evento', 'C:\\xampp\\htdocs\\cim4\\app\\Views\\estructura\\body.php', 2)
 2 SYSTEMPATH\View\View.php(213): include('C:\\xampp\\htdocs\\cim4\\app\\Views\\estructura\\body.php')
 3 SYSTEMPATH\View\View.php(216): CodeIgniter\View\View->CodeIgniter\View\{closure}()
 4 SYSTEMPATH\Common.php(1184): CodeIgniter\View\View->render('estructura/body', [], true)
 5 APPPATH\Controllers\Home.php(15): view('estructura/body')
 6 SYSTEMPATH\CodeIgniter.php(934): App\Controllers\Home->index()
 7 SYSTEMPATH\CodeIgniter.php(499): CodeIgniter\CodeIgniter->runController(Object(App\Controllers\Home))
 8 SYSTEMPATH\CodeIgniter.php(368): CodeIgniter\CodeIgniter->handleRequest(null, Object(Config\Cache), false)
 9 FCPATH\index.php(67): CodeIgniter\CodeIgniter->run()
CRITICAL - 2023-05-04 20:38:59 --> ccia is not a valid database connection group.
in SYSTEMPATH\Database\Config.php on line 70.
 1 APPPATH\Controllers\Home.php(11): CodeIgniter\Database\Config::connect('ccia')
 2 SYSTEMPATH\CodeIgniter.php(934): App\Controllers\Home->index()
 3 SYSTEMPATH\CodeIgniter.php(499): CodeIgniter\CodeIgniter->runController(Object(App\Controllers\Home))
 4 SYSTEMPATH\CodeIgniter.php(368): CodeIgniter\CodeIgniter->handleRequest(null, Object(Config\Cache), false)
 5 FCPATH\index.php(67): CodeIgniter\CodeIgniter->run()
CRITICAL - 2023-05-04 20:39:17 --> Undefined variable $Nombre_evento
in APPPATH\Views\estructura\body.php on line 2.
 1 APPPATH\Views\estructura\body.php(2): CodeIgniter\Debug\Exceptions->errorHandler(2, 'Undefined variable $Nombre_evento', 'C:\\xampp\\htdocs\\cim4\\app\\Views\\estructura\\body.php', 2)
 2 SYSTEMPATH\View\View.php(213): include('C:\\xampp\\htdocs\\cim4\\app\\Views\\estructura\\body.php')
 3 SYSTEMPATH\View\View.php(216): CodeIgniter\View\View->CodeIgniter\View\{closure}()
 4 SYSTEMPATH\Common.php(1184): CodeIgniter\View\View->render('estructura/body', [], true)
 5 APPPATH\Controllers\Home.php(15): view('estructura/body')
 6 SYSTEMPATH\CodeIgniter.php(934): App\Controllers\Home->index()
 7 SYSTEMPATH\CodeIgniter.php(499): CodeIgniter\CodeIgniter->runController(Object(App\Controllers\Home))
 8 SYSTEMPATH\CodeIgniter.php(368): CodeIgniter\CodeIgniter->handleRequest(null, Object(Config\Cache), false)
 9 FCPATH\index.php(67): CodeIgniter\CodeIgniter->run()
CRITICAL - 2023-05-04 20:40:44 --> Undefined variable $Nombre_evento
in APPPATH\Views\estructura\body.php on line 2.
 1 APPPATH\Views\estructura\body.php(2): CodeIgniter\Debug\Exceptions->errorHandler(2, 'Undefined variable $Nombre_evento', 'C:\\xampp\\htdocs\\cim4\\app\\Views\\estructura\\body.php', 2)
 2 SYSTEMPATH\View\View.php(213): include('C:\\xampp\\htdocs\\cim4\\app\\Views\\estructura\\body.php')
 3 SYSTEMPATH\View\View.php(216): CodeIgniter\View\View->CodeIgniter\View\{closure}()
 4 SYSTEMPATH\Common.php(1184): CodeIgniter\View\View->render('estructura/body', [], true)
 5 APPPATH\Controllers\Home.php(15): view('estructura/body')
 6 SYSTEMPATH\CodeIgniter.php(934): App\Controllers\Home->index()
 7 SYSTEMPATH\CodeIgniter.php(499): CodeIgniter\CodeIgniter->runController(Object(App\Controllers\Home))
 8 SYSTEMPATH\CodeIgniter.php(368): CodeIgniter\CodeIgniter->handleRequest(null, Object(Config\Cache), false)
 9 FCPATH\index.php(67): CodeIgniter\CodeIgniter->run()
CRITICAL - 2023-05-04 20:40:56 --> Undefined variable $Nombre_evento
in APPPATH\Views\estructura\body.php on line 2.
 1 APPPATH\Views\estructura\body.php(2): CodeIgniter\Debug\Exceptions->errorHandler(2, 'Undefined variable $Nombre_evento', 'C:\\xampp\\htdocs\\cim4\\app\\Views\\estructura\\body.php', 2)
 2 SYSTEMPATH\View\View.php(213): include('C:\\xampp\\htdocs\\cim4\\app\\Views\\estructura\\body.php')
 3 SYSTEMPATH\View\View.php(216): CodeIgniter\View\View->CodeIgniter\View\{closure}()
 4 SYSTEMPATH\Common.php(1184): CodeIgniter\View\View->render('estructura/body', [], true)
 5 APPPATH\Controllers\Home.php(15): view('estructura/body')
 6 SYSTEMPATH\CodeIgniter.php(934): App\Controllers\Home->index()
 7 SYSTEMPATH\CodeIgniter.php(499): CodeIgniter\CodeIgniter->runController(Object(App\Controllers\Home))
 8 SYSTEMPATH\CodeIgniter.php(368): CodeIgniter\CodeIgniter->handleRequest(null, Object(Config\Cache), false)
 9 FCPATH\index.php(67): CodeIgniter\CodeIgniter->run()
CRITICAL - 2023-05-04 20:41:17 --> Undefined variable $Nombre_evento
in APPPATH\Views\estructura\body.php on line 2.
 1 APPPATH\Views\estructura\body.php(2): CodeIgniter\Debug\Exceptions->errorHandler(2, 'Undefined variable $Nombre_evento', 'C:\\xampp\\htdocs\\cim4\\app\\Views\\estructura\\body.php', 2)
 2 SYSTEMPATH\View\View.php(213): include('C:\\xampp\\htdocs\\cim4\\app\\Views\\estructura\\body.php')
 3 SYSTEMPATH\View\View.php(216): CodeIgniter\View\View->CodeIgniter\View\{closure}()
 4 SYSTEMPATH\Common.php(1184): CodeIgniter\View\View->render('estructura/body', [], true)
 5 APPPATH\Controllers\Home.php(15): view('estructura/body')
 6 SYSTEMPATH\CodeIgniter.php(934): App\Controllers\Home->index()
 7 SYSTEMPATH\CodeIgniter.php(499): CodeIgniter\CodeIgniter->runController(Object(App\Controllers\Home))
 8 SYSTEMPATH\CodeIgniter.php(368): CodeIgniter\CodeIgniter->handleRequest(null, Object(Config\Cache), false)
 9 FCPATH\index.php(67): CodeIgniter\CodeIgniter->run()
CRITICAL - 2023-05-04 20:41:33 --> Undefined variable $Nombre_evento
in APPPATH\Views\estructura\body.php on line 2.
 1 APPPATH\Views\estructura\body.php(2): CodeIgniter\Debug\Exceptions->errorHandler(2, 'Undefined variable $Nombre_evento', 'C:\\xampp\\htdocs\\cim4\\app\\Views\\estructura\\body.php', 2)
 2 SYSTEMPATH\View\View.php(213): include('C:\\xampp\\htdocs\\cim4\\app\\Views\\estructura\\body.php')
 3 SYSTEMPATH\View\View.php(216): CodeIgniter\View\View->CodeIgniter\View\{closure}()
 4 SYSTEMPATH\Common.php(1184): CodeIgniter\View\View->render('estructura/body', [], true)
 5 APPPATH\Controllers\Home.php(15): view('estructura/body')
 6 SYSTEMPATH\CodeIgniter.php(934): App\Controllers\Home->index()
 7 SYSTEMPATH\CodeIgniter.php(499): CodeIgniter\CodeIgniter->runController(Object(App\Controllers\Home))
 8 SYSTEMPATH\CodeIgniter.php(368): CodeIgniter\CodeIgniter->handleRequest(null, Object(Config\Cache), false)
 9 FCPATH\index.php(67): CodeIgniter\CodeIgniter->run()
CRITICAL - 2023-05-04 20:41:57 --> Undefined variable $Nombre_evento
in APPPATH\Views\estructura\body.php on line 2.
 1 APPPATH\Views\estructura\body.php(2): CodeIgniter\Debug\Exceptions->errorHandler(2, 'Undefined variable $Nombre_evento', 'C:\\xampp\\htdocs\\cim4\\app\\Views\\estructura\\body.php', 2)
 2 SYSTEMPATH\View\View.php(213): include('C:\\xampp\\htdocs\\cim4\\app\\Views\\estructura\\body.php')
 3 SYSTEMPATH\View\View.php(216): CodeIgniter\View\View->CodeIgniter\View\{closure}()
 4 SYSTEMPATH\Common.php(1184): CodeIgniter\View\View->render('estructura/body', [], true)
 5 APPPATH\Controllers\Home.php(15): view('estructura/body')
 6 SYSTEMPATH\CodeIgniter.php(934): App\Controllers\Home->index()
 7 SYSTEMPATH\CodeIgniter.php(499): CodeIgniter\CodeIgniter->runController(Object(App\Controllers\Home))
 8 SYSTEMPATH\CodeIgniter.php(368): CodeIgniter\CodeIgniter->handleRequest(null, Object(Config\Cache), false)
 9 FCPATH\index.php(67): CodeIgniter\CodeIgniter->run()
CRITICAL - 2023-05-04 20:44:27 --> Undefined variable $Nombre_evento
in APPPATH\Views\estructura\body.php on line 2.
 1 APPPATH\Views\estructura\body.php(2): CodeIgniter\Debug\Exceptions->errorHandler(2, 'Undefined variable $Nombre_evento', 'C:\\xampp\\htdocs\\cim4\\app\\Views\\estructura\\body.php', 2)
 2 SYSTEMPATH\View\View.php(213): include('C:\\xampp\\htdocs\\cim4\\app\\Views\\estructura\\body.php')
 3 SYSTEMPATH\View\View.php(216): CodeIgniter\View\View->CodeIgniter\View\{closure}()
 4 SYSTEMPATH\Common.php(1184): CodeIgniter\View\View->render('estructura/body', [], true)
 5 APPPATH\Controllers\Home.php(15): view('estructura/body')
 6 SYSTEMPATH\CodeIgniter.php(934): App\Controllers\Home->index()
 7 SYSTEMPATH\CodeIgniter.php(499): CodeIgniter\CodeIgniter->runController(Object(App\Controllers\Home))
 8 SYSTEMPATH\CodeIgniter.php(368): CodeIgniter\CodeIgniter->handleRequest(null, Object(Config\Cache), false)
 9 FCPATH\index.php(67): CodeIgniter\CodeIgniter->run()
CRITICAL - 2023-05-04 20:44:28 --> Undefined variable $Nombre_evento
in APPPATH\Views\estructura\body.php on line 2.
 1 APPPATH\Views\estructura\body.php(2): CodeIgniter\Debug\Exceptions->errorHandler(2, 'Undefined variable $Nombre_evento', 'C:\\xampp\\htdocs\\cim4\\app\\Views\\estructura\\body.php', 2)
 2 SYSTEMPATH\View\View.php(213): include('C:\\xampp\\htdocs\\cim4\\app\\Views\\estructura\\body.php')
 3 SYSTEMPATH\View\View.php(216): CodeIgniter\View\View->CodeIgniter\View\{closure}()
 4 SYSTEMPATH\Common.php(1184): CodeIgniter\View\View->render('estructura/body', [], true)
 5 APPPATH\Controllers\Home.php(15): view('estructura/body')
 6 SYSTEMPATH\CodeIgniter.php(934): App\Controllers\Home->index()
 7 SYSTEMPATH\CodeIgniter.php(499): CodeIgniter\CodeIgniter->runController(Object(App\Controllers\Home))
 8 SYSTEMPATH\CodeIgniter.php(368): CodeIgniter\CodeIgniter->handleRequest(null, Object(Config\Cache), false)
 9 FCPATH\index.php(67): CodeIgniter\CodeIgniter->run()
CRITICAL - 2023-05-04 20:45:54 --> Undefined variable $Nombre_evento
in APPPATH\Views\estructura\body.php on line 2.
 1 APPPATH\Views\estructura\body.php(2): CodeIgniter\Debug\Exceptions->errorHandler(2, 'Undefined variable $Nombre_evento', 'C:\\xampp\\htdocs\\cim4\\app\\Views\\estructura\\body.php', 2)
 2 SYSTEMPATH\View\View.php(213): include('C:\\xampp\\htdocs\\cim4\\app\\Views\\estructura\\body.php')
 3 SYSTEMPATH\View\View.php(216): CodeIgniter\View\View->CodeIgniter\View\{closure}()
 4 SYSTEMPATH\Common.php(1184): CodeIgniter\View\View->render('estructura/body', [], true)
 5 APPPATH\Controllers\Home.php(15): view('estructura/body')
 6 SYSTEMPATH\CodeIgniter.php(934): App\Controllers\Home->index()
 7 SYSTEMPATH\CodeIgniter.php(499): CodeIgniter\CodeIgniter->runController(Object(App\Controllers\Home))
 8 SYSTEMPATH\CodeIgniter.php(368): CodeIgniter\CodeIgniter->handleRequest(null, Object(Config\Cache), false)
 9 FCPATH\index.php(67): CodeIgniter\CodeIgniter->run()
CRITICAL - 2023-05-04 20:51:54 --> Undefined variable $Nombre_evento
in APPPATH\Views\estructura\body.php on line 2.
 1 APPPATH\Views\estructura\body.php(2): CodeIgniter\Debug\Exceptions->errorHandler(2, 'Undefined variable $Nombre_evento', 'C:\\xampp\\htdocs\\cim4\\app\\Views\\estructura\\body.php', 2)
 2 SYSTEMPATH\View\View.php(213): include('C:\\xampp\\htdocs\\cim4\\app\\Views\\estructura\\body.php')
 3 SYSTEMPATH\View\View.php(216): CodeIgniter\View\View->CodeIgniter\View\{closure}()
 4 SYSTEMPATH\Common.php(1184): CodeIgniter\View\View->render('estructura/body', [], true)
 5 APPPATH\Controllers\Home.php(15): view('estructura/body')
 6 SYSTEMPATH\CodeIgniter.php(934): App\Controllers\Home->index()
 7 SYSTEMPATH\CodeIgniter.php(499): CodeIgniter\CodeIgniter->runController(Object(App\Controllers\Home))
 8 SYSTEMPATH\CodeIgniter.php(368): CodeIgniter\CodeIgniter->handleRequest(null, Object(Config\Cache), false)
 9 FCPATH\index.php(67): CodeIgniter\CodeIgniter->run()
CRITICAL - 2023-05-04 20:53:52 --> Undefined variable $Nombre_evento
in APPPATH\Views\estructura\body.php on line 2.
 1 APPPATH\Views\estructura\body.php(2): CodeIgniter\Debug\Exceptions->errorHandler(2, 'Undefined variable $Nombre_evento', 'C:\\xampp\\htdocs\\cim4\\app\\Views\\estructura\\body.php', 2)
 2 SYSTEMPATH\View\View.php(213): include('C:\\xampp\\htdocs\\cim4\\app\\Views\\estructura\\body.php')
 3 SYSTEMPATH\View\View.php(216): CodeIgniter\View\View->CodeIgniter\View\{closure}()
 4 SYSTEMPATH\Common.php(1184): CodeIgniter\View\View->render('estructura/body', [], true)
 5 APPPATH\Controllers\Home.php(15): view('estructura/body')
 6 SYSTEMPATH\CodeIgniter.php(934): App\Controllers\Home->index()
 7 SYSTEMPATH\CodeIgniter.php(499): CodeIgniter\CodeIgniter->runController(Object(App\Controllers\Home))
 8 SYSTEMPATH\CodeIgniter.php(368): CodeIgniter\CodeIgniter->handleRequest(null, Object(Config\Cache), false)
 9 FCPATH\index.php(67): CodeIgniter\CodeIgniter->run()
CRITICAL - 2023-05-04 20:55:05 --> Undefined variable $Nombre_evento
in APPPATH\Views\estructura\body.php on line 2.
 1 APPPATH\Views\estructura\body.php(2): CodeIgniter\Debug\Exceptions->errorHandler(2, 'Undefined variable $Nombre_evento', 'C:\\xampp\\htdocs\\cim4\\app\\Views\\estructura\\body.php', 2)
 2 SYSTEMPATH\View\View.php(213): include('C:\\xampp\\htdocs\\cim4\\app\\Views\\estructura\\body.php')
 3 SYSTEMPATH\View\View.php(216): CodeIgniter\View\View->CodeIgniter\View\{closure}()
 4 SYSTEMPATH\Common.php(1184): CodeIgniter\View\View->render('estructura/body', [], true)
 5 APPPATH\Controllers\Home.php(15): view('estructura/body')
 6 SYSTEMPATH\CodeIgniter.php(934): App\Controllers\Home->index()
 7 SYSTEMPATH\CodeIgniter.php(499): CodeIgniter\CodeIgniter->runController(Object(App\Controllers\Home))
 8 SYSTEMPATH\CodeIgniter.php(368): CodeIgniter\CodeIgniter->handleRequest(null, Object(Config\Cache), false)
 9 FCPATH\index.php(67): CodeIgniter\CodeIgniter->run()
CRITICAL - 2023-05-04 20:57:12 --> view(): Argument #2 ($data) must be of type array, null given, called in C:\xampp\htdocs\cim4\app\Controllers\Home.php on line 15
in SYSTEMPATH\Common.php on line 1172.
 1 APPPATH\Controllers\Home.php(15): view('estructura/body', null)
 2 SYSTEMPATH\CodeIgniter.php(934): App\Controllers\Home->index()
 3 SYSTEMPATH\CodeIgniter.php(499): CodeIgniter\CodeIgniter->runController(Object(App\Controllers\Home))
 4 SYSTEMPATH\CodeIgniter.php(368): CodeIgniter\CodeIgniter->handleRequest(null, Object(Config\Cache), false)
 5 FCPATH\index.php(67): CodeIgniter\CodeIgniter->run()
CRITICAL - 2023-05-04 20:57:49 --> view(): Argument #2 ($data) must be of type array, null given, called in C:\xampp\htdocs\cim4\app\Controllers\Home.php on line 15
in SYSTEMPATH\Common.php on line 1172.
 1 APPPATH\Controllers\Home.php(15): view('estructura/body', null)
 2 SYSTEMPATH\CodeIgniter.php(934): App\Controllers\Home->index()
 3 SYSTEMPATH\CodeIgniter.php(499): CodeIgniter\CodeIgniter->runController(Object(App\Controllers\Home))
 4 SYSTEMPATH\CodeIgniter.php(368): CodeIgniter\CodeIgniter->handleRequest(null, Object(Config\Cache), false)
 5 FCPATH\index.php(67): CodeIgniter\CodeIgniter->run()
CRITICAL - 2023-05-04 20:57:50 --> view(): Argument #2 ($data) must be of type array, null given, called in C:\xampp\htdocs\cim4\app\Controllers\Home.php on line 15
in SYSTEMPATH\Common.php on line 1172.
 1 APPPATH\Controllers\Home.php(15): view('estructura/body', null)
 2 SYSTEMPATH\CodeIgniter.php(934): App\Controllers\Home->index()
 3 SYSTEMPATH\CodeIgniter.php(499): CodeIgniter\CodeIgniter->runController(Object(App\Controllers\Home))
 4 SYSTEMPATH\CodeIgniter.php(368): CodeIgniter\CodeIgniter->handleRequest(null, Object(Config\Cache), false)
 5 FCPATH\index.php(67): CodeIgniter\CodeIgniter->run()
CRITICAL - 2023-05-04 20:57:51 --> view(): Argument #2 ($data) must be of type array, null given, called in C:\xampp\htdocs\cim4\app\Controllers\Home.php on line 15
in SYSTEMPATH\Common.php on line 1172.
 1 APPPATH\Controllers\Home.php(15): view('estructura/body', null)
 2 SYSTEMPATH\CodeIgniter.php(934): App\Controllers\Home->index()
 3 SYSTEMPATH\CodeIgniter.php(499): CodeIgniter\CodeIgniter->runController(Object(App\Controllers\Home))
 4 SYSTEMPATH\CodeIgniter.php(368): CodeIgniter\CodeIgniter->handleRequest(null, Object(Config\Cache), false)
 5 FCPATH\index.php(67): CodeIgniter\CodeIgniter->run()
CRITICAL - 2023-05-04 20:57:52 --> view(): Argument #2 ($data) must be of type array, null given, called in C:\xampp\htdocs\cim4\app\Controllers\Home.php on line 15
in SYSTEMPATH\Common.php on line 1172.
 1 APPPATH\Controllers\Home.php(15): view('estructura/body', null)
 2 SYSTEMPATH\CodeIgniter.php(934): App\Controllers\Home->index()
 3 SYSTEMPATH\CodeIgniter.php(499): CodeIgniter\CodeIgniter->runController(Object(App\Controllers\Home))
 4 SYSTEMPATH\CodeIgniter.php(368): CodeIgniter\CodeIgniter->handleRequest(null, Object(Config\Cache), false)
 5 FCPATH\index.php(67): CodeIgniter\CodeIgniter->run()
CRITICAL - 2023-05-04 21:03:05 --> Call to a member function first() on null
in APPPATH\Controllers\Home.php on line 13.
 1 SYSTEMPATH\CodeIgniter.php(934): App\Controllers\Home->index()
 2 SYSTEMPATH\CodeIgniter.php(499): CodeIgniter\CodeIgniter->runController(Object(App\Controllers\Home))
 3 SYSTEMPATH\CodeIgniter.php(368): CodeIgniter\CodeIgniter->handleRequest(null, Object(Config\Cache), false)
 4 FCPATH\index.php(67): CodeIgniter\CodeIgniter->run()
CRITICAL - 2023-05-04 21:05:02 --> Call to a member function first() on array
in APPPATH\Controllers\Home.php on line 13.
 1 SYSTEMPATH\CodeIgniter.php(934): App\Controllers\Home->index()
 2 SYSTEMPATH\CodeIgniter.php(499): CodeIgniter\CodeIgniter->runController(Object(App\Controllers\Home))
 3 SYSTEMPATH\CodeIgniter.php(368): CodeIgniter\CodeIgniter->handleRequest(null, Object(Config\Cache), false)
 4 FCPATH\index.php(67): CodeIgniter\CodeIgniter->run()
